{"/Users/mihaiperdum/Projects/CogniRunner/src/index.js": {"path":"/Users/mihaiperdum/Projects/CogniRunner/src/index.js","statementMap":{"0":{"start":{"line":64,"column":15},"end":{"line":64,"column":53}},"1":{"start":{"line":67,"column":28},"end":{"line":67,"column":54}},"2":{"start":{"line":68,"column":22},"end":{"line":68,"column":42}},"3":{"start":{"line":69,"column":24},"end":{"line":69,"column":46}},"4":{"start":{"line":70,"column":21},"end":{"line":70,"column":40}},"5":{"start":{"line":71,"column":22},"end":{"line":71,"column":42}},"6":{"start":{"line":72,"column":25},"end":{"line":72,"column":48}},"7":{"start":{"line":73,"column":28},"end":{"line":73,"column":54}},"8":{"start":{"line":74,"column":23},"end":{"line":74,"column":44}},"9":{"start":{"line":75,"column":28},"end":{"line":75,"column":54}},"10":{"start":{"line":76,"column":35},"end":{"line":76,"column":68}},"11":{"start":{"line":77,"column":26},"end":{"line":77,"column":50}},"12":{"start":{"line":78,"column":24},"end":{"line":78,"column":46}},"13":{"start":{"line":79,"column":29},"end":{"line":79,"column":56}},"14":{"start":{"line":80,"column":27},"end":{"line":80,"column":52}},"15":{"start":{"line":81,"column":26},"end":{"line":81,"column":50}},"16":{"start":{"line":82,"column":35},"end":{"line":82,"column":68}},"17":{"start":{"line":84,"column":35},"end":{"line":84,"column":68}},"18":{"start":{"line":85,"column":29},"end":{"line":85,"column":56}},"19":{"start":{"line":86,"column":34},"end":{"line":86,"column":66}},"20":{"start":{"line":89,"column":20},"end":{"line":91,"column":1}},"21":{"start":{"line":90,"column":2},"end":{"line":90,"column":44}},"22":{"start":{"line":93,"column":23},"end":{"line":138,"column":1}},"23":{"start":{"line":94,"column":2},"end":{"line":94,"column":61}},"24":{"start":{"line":94,"column":51},"end":{"line":94,"column":61}},"25":{"start":{"line":96,"column":21},"end":{"line":96,"column":51}},"26":{"start":{"line":97,"column":18},"end":{"line":97,"column":20}},"27":{"start":{"line":99,"column":2},"end":{"line":135,"column":3}},"28":{"start":{"line":100,"column":26},"end":{"line":100,"column":27}},"29":{"start":{"line":101,"column":26},"end":{"line":101,"column":28}},"30":{"start":{"line":103,"column":4},"end":{"line":113,"column":5}},"31":{"start":{"line":104,"column":20},"end":{"line":104,"column":60}},"32":{"start":{"line":105,"column":6},"end":{"line":108,"column":7}},"33":{"start":{"line":106,"column":8},"end":{"line":106,"column":32}},"34":{"start":{"line":107,"column":8},"end":{"line":107,"column":56}},"35":{"start":{"line":107,"column":26},"end":{"line":107,"column":56}},"36":{"start":{"line":110,"column":6},"end":{"line":112,"column":7}},"37":{"start":{"line":111,"column":8},"end":{"line":111,"column":96}},"38":{"start":{"line":115,"column":24},"end":{"line":115,"column":25}},"39":{"start":{"line":116,"column":25},"end":{"line":116,"column":108}},"40":{"start":{"line":117,"column":4},"end":{"line":119,"column":5}},"41":{"start":{"line":118,"column":6},"end":{"line":118,"column":26}},"42":{"start":{"line":121,"column":23},"end":{"line":121,"column":69}},"43":{"start":{"line":123,"column":4},"end":{"line":134,"column":5}},"44":{"start":{"line":124,"column":6},"end":{"line":133,"column":9}},"45":{"start":{"line":137,"column":2},"end":{"line":137,"column":51}},"46":{"start":{"line":137,"column":32},"end":{"line":137,"column":49}},"47":{"start":{"line":140,"column":22},"end":{"line":142,"column":1}},"48":{"start":{"line":141,"column":2},"end":{"line":141,"column":35}},"49":{"start":{"line":144,"column":25},"end":{"line":146,"column":1}},"50":{"start":{"line":145,"column":2},"end":{"line":145,"column":67}},"51":{"start":{"line":145,"column":53},"end":{"line":145,"column":63}},"52":{"start":{"line":148,"column":29},"end":{"line":150,"column":1}},"53":{"start":{"line":149,"column":2},"end":{"line":149,"column":69}},"54":{"start":{"line":149,"column":44},"end":{"line":149,"column":67}},"55":{"start":{"line":152,"column":21},"end":{"line":159,"column":1}},"56":{"start":{"line":153,"column":2},"end":{"line":158,"column":3}},"57":{"start":{"line":154,"column":4},"end":{"line":154,"column":48}},"58":{"start":{"line":155,"column":4},"end":{"line":155,"column":77}},"59":{"start":{"line":157,"column":4},"end":{"line":157,"column":53}},"60":{"start":{"line":161,"column":20},"end":{"line":175,"column":1}},"61":{"start":{"line":162,"column":2},"end":{"line":174,"column":3}},"62":{"start":{"line":163,"column":30},"end":{"line":163,"column":52}},"63":{"start":{"line":164,"column":4},"end":{"line":167,"column":5}},"64":{"start":{"line":165,"column":6},"end":{"line":165,"column":75}},"65":{"start":{"line":166,"column":6},"end":{"line":166,"column":20}},"66":{"start":{"line":169,"column":4},"end":{"line":169,"column":28}},"67":{"start":{"line":170,"column":4},"end":{"line":170,"column":24}},"68":{"start":{"line":172,"column":4},"end":{"line":172,"column":68}},"69":{"start":{"line":173,"column":4},"end":{"line":173,"column":24}},"70":{"start":{"line":180,"column":36},"end":{"line":226,"column":1}},"71":{"start":{"line":181,"column":2},"end":{"line":181,"column":107}},"72":{"start":{"line":183,"column":2},"end":{"line":225,"column":3}},"73":{"start":{"line":184,"column":4},"end":{"line":187,"column":5}},"74":{"start":{"line":185,"column":6},"end":{"line":185,"column":73}},"75":{"start":{"line":186,"column":6},"end":{"line":186,"column":74}},"76":{"start":{"line":189,"column":29},"end":{"line":189,"column":35}},"77":{"start":{"line":190,"column":4},"end":{"line":197,"column":5}},"78":{"start":{"line":191,"column":33},"end":{"line":191,"column":82}},"79":{"start":{"line":192,"column":27},"end":{"line":192,"column":66}},"80":{"start":{"line":192,"column":47},"end":{"line":192,"column":65}},"81":{"start":{"line":193,"column":6},"end":{"line":195,"column":7}},"82":{"start":{"line":194,"column":8},"end":{"line":194,"column":82}},"83":{"start":{"line":196,"column":6},"end":{"line":196,"column":40}},"84":{"start":{"line":199,"column":73},"end":{"line":199,"column":91}},"85":{"start":{"line":200,"column":20},"end":{"line":200,"column":63}},"86":{"start":{"line":201,"column":25},"end":{"line":201,"column":101}},"87":{"start":{"line":203,"column":4},"end":{"line":215,"column":5}},"88":{"start":{"line":204,"column":6},"end":{"line":214,"column":9}},"89":{"start":{"line":217,"column":4},"end":{"line":219,"column":5}},"90":{"start":{"line":218,"column":6},"end":{"line":218,"column":134}},"91":{"start":{"line":221,"column":4},"end":{"line":221,"column":76}},"92":{"start":{"line":223,"column":4},"end":{"line":223,"column":63}},"93":{"start":{"line":224,"column":4},"end":{"line":224,"column":52}},"94":{"start":{"line":231,"column":35},"end":{"line":269,"column":1}},"95":{"start":{"line":232,"column":2},"end":{"line":232,"column":73}},"96":{"start":{"line":234,"column":68},"end":{"line":234,"column":72}},"97":{"start":{"line":235,"column":18},"end":{"line":235,"column":40}},"98":{"start":{"line":237,"column":2},"end":{"line":240,"column":3}},"99":{"start":{"line":238,"column":4},"end":{"line":238,"column":47}},"100":{"start":{"line":239,"column":4},"end":{"line":239,"column":28}},"101":{"start":{"line":242,"column":17},"end":{"line":250,"column":4}},"102":{"start":{"line":252,"column":2},"end":{"line":255,"column":3}},"103":{"start":{"line":253,"column":4},"end":{"line":253,"column":57}},"104":{"start":{"line":254,"column":4},"end":{"line":254,"column":64}},"105":{"start":{"line":257,"column":2},"end":{"line":260,"column":3}},"106":{"start":{"line":258,"column":4},"end":{"line":258,"column":59}},"107":{"start":{"line":259,"column":4},"end":{"line":259,"column":28}},"108":{"start":{"line":262,"column":2},"end":{"line":265,"column":3}},"109":{"start":{"line":263,"column":4},"end":{"line":263,"column":72}},"110":{"start":{"line":264,"column":4},"end":{"line":264,"column":83}},"111":{"start":{"line":267,"column":2},"end":{"line":267,"column":76}},"112":{"start":{"line":268,"column":2},"end":{"line":268,"column":26}},"113":{"start":{"line":274,"column":24},"end":{"line":415,"column":1}},"114":{"start":{"line":275,"column":2},"end":{"line":275,"column":79}},"115":{"start":{"line":277,"column":51},"end":{"line":277,"column":55}},"116":{"start":{"line":278,"column":18},"end":{"line":278,"column":40}},"117":{"start":{"line":280,"column":2},"end":{"line":283,"column":3}},"118":{"start":{"line":281,"column":4},"end":{"line":281,"column":73}},"119":{"start":{"line":282,"column":4},"end":{"line":282,"column":28}},"120":{"start":{"line":285,"column":2},"end":{"line":297,"column":3}},"121":{"start":{"line":286,"column":31},"end":{"line":286,"column":80}},"122":{"start":{"line":287,"column":27},"end":{"line":290,"column":5}},"123":{"start":{"line":288,"column":6},"end":{"line":289,"column":28}},"124":{"start":{"line":291,"column":4},"end":{"line":294,"column":5}},"125":{"start":{"line":292,"column":6},"end":{"line":292,"column":93}},"126":{"start":{"line":293,"column":6},"end":{"line":293,"column":30}},"127":{"start":{"line":296,"column":4},"end":{"line":296,"column":83}},"128":{"start":{"line":299,"column":18},"end":{"line":299,"column":90}},"129":{"start":{"line":300,"column":27},"end":{"line":300,"column":224}},"130":{"start":{"line":302,"column":22},"end":{"line":302,"column":48}},"131":{"start":{"line":303,"column":19},"end":{"line":303,"column":107}},"132":{"start":{"line":305,"column":19},"end":{"line":305,"column":23}},"133":{"start":{"line":306,"column":2},"end":{"line":311,"column":3}},"134":{"start":{"line":307,"column":22},"end":{"line":307,"column":44}},"135":{"start":{"line":308,"column":4},"end":{"line":308,"column":70}},"136":{"start":{"line":308,"column":23},"end":{"line":308,"column":70}},"137":{"start":{"line":309,"column":9},"end":{"line":311,"column":3}},"138":{"start":{"line":310,"column":4},"end":{"line":310,"column":44}},"139":{"start":{"line":313,"column":19},"end":{"line":313,"column":52}},"140":{"start":{"line":314,"column":23},"end":{"line":316,"column":8}},"141":{"start":{"line":318,"column":2},"end":{"line":318,"column":146}},"142":{"start":{"line":320,"column":2},"end":{"line":323,"column":3}},"143":{"start":{"line":321,"column":4},"end":{"line":321,"column":100}},"144":{"start":{"line":322,"column":4},"end":{"line":322,"column":28}},"145":{"start":{"line":326,"column":22},"end":{"line":326,"column":24}},"146":{"start":{"line":328,"column":2},"end":{"line":386,"column":3}},"147":{"start":{"line":329,"column":22},"end":{"line":329,"column":24}},"148":{"start":{"line":330,"column":4},"end":{"line":338,"column":5}},"149":{"start":{"line":331,"column":28},"end":{"line":331,"column":114}},"150":{"start":{"line":332,"column":6},"end":{"line":335,"column":7}},"151":{"start":{"line":333,"column":26},"end":{"line":333,"column":52}},"152":{"start":{"line":334,"column":8},"end":{"line":334,"column":57}},"153":{"start":{"line":337,"column":6},"end":{"line":337,"column":58}},"154":{"start":{"line":340,"column":4},"end":{"line":379,"column":5}},"155":{"start":{"line":341,"column":6},"end":{"line":341,"column":41}},"156":{"start":{"line":342,"column":6},"end":{"line":344,"column":65}},"157":{"start":{"line":346,"column":22},"end":{"line":346,"column":127}},"158":{"start":{"line":346,"column":45},"end":{"line":346,"column":115}},"159":{"start":{"line":347,"column":6},"end":{"line":347,"column":30}},"160":{"start":{"line":348,"column":6},"end":{"line":348,"column":45}},"161":{"start":{"line":351,"column":24},"end":{"line":351,"column":49}},"162":{"start":{"line":352,"column":25},"end":{"line":352,"column":27}},"163":{"start":{"line":353,"column":6},"end":{"line":364,"column":7}},"164":{"start":{"line":354,"column":21},"end":{"line":354,"column":34}},"165":{"start":{"line":355,"column":8},"end":{"line":355,"column":49}},"166":{"start":{"line":355,"column":40},"end":{"line":355,"column":49}},"167":{"start":{"line":356,"column":21},"end":{"line":356,"column":55}},"168":{"start":{"line":357,"column":8},"end":{"line":357,"column":80}},"169":{"start":{"line":357,"column":71},"end":{"line":357,"column":80}},"170":{"start":{"line":358,"column":8},"end":{"line":361,"column":9}},"171":{"start":{"line":359,"column":10},"end":{"line":359,"column":120}},"172":{"start":{"line":360,"column":10},"end":{"line":360,"column":19}},"173":{"start":{"line":362,"column":8},"end":{"line":362,"column":28}},"174":{"start":{"line":363,"column":8},"end":{"line":363,"column":29}},"175":{"start":{"line":367,"column":24},"end":{"line":367,"column":77}},"176":{"start":{"line":368,"column":36},"end":{"line":368,"column":71}},"177":{"start":{"line":368,"column":60},"end":{"line":368,"column":70}},"178":{"start":{"line":370,"column":6},"end":{"line":370,"column":113}},"179":{"start":{"line":373,"column":30},"end":{"line":373,"column":80}},"180":{"start":{"line":374,"column":6},"end":{"line":374,"column":89}},"181":{"start":{"line":376,"column":6},"end":{"line":378,"column":66}},"182":{"start":{"line":381,"column":23},"end":{"line":381,"column":78}},"183":{"start":{"line":382,"column":4},"end":{"line":382,"column":37}},"184":{"start":{"line":383,"column":4},"end":{"line":385,"column":55}},"185":{"start":{"line":388,"column":2},"end":{"line":388,"column":54}},"186":{"start":{"line":390,"column":19},"end":{"line":397,"column":3}},"187":{"start":{"line":399,"column":2},"end":{"line":406,"column":3}},"188":{"start":{"line":400,"column":4},"end":{"line":405,"column":6}},"189":{"start":{"line":403,"column":60},"end":{"line":403,"column":79}},"190":{"start":{"line":408,"column":2},"end":{"line":408,"column":27}},"191":{"start":{"line":410,"column":2},"end":{"line":414,"column":3}},"192":{"start":{"line":411,"column":4},"end":{"line":411,"column":28}},"193":{"start":{"line":413,"column":4},"end":{"line":413,"column":95}},"194":{"start":{"line":419,"column":0},"end":{"line":427,"column":3}},"195":{"start":{"line":420,"column":2},"end":{"line":426,"column":3}},"196":{"start":{"line":421,"column":31},"end":{"line":421,"column":69}},"197":{"start":{"line":422,"column":4},"end":{"line":422,"column":38}},"198":{"start":{"line":424,"column":4},"end":{"line":424,"column":56}},"199":{"start":{"line":425,"column":4},"end":{"line":425,"column":65}},"200":{"start":{"line":429,"column":0},"end":{"line":445,"column":3}},"201":{"start":{"line":430,"column":2},"end":{"line":444,"column":3}},"202":{"start":{"line":431,"column":32},"end":{"line":431,"column":45}},"203":{"start":{"line":432,"column":34},"end":{"line":432,"column":72}},"204":{"start":{"line":434,"column":18},"end":{"line":434,"column":50}},"205":{"start":{"line":436,"column":4},"end":{"line":438,"column":5}},"206":{"start":{"line":437,"column":6},"end":{"line":437,"column":61}},"207":{"start":{"line":437,"column":36},"end":{"line":437,"column":59}},"208":{"start":{"line":440,"column":4},"end":{"line":440,"column":38}},"209":{"start":{"line":442,"column":4},"end":{"line":442,"column":59}},"210":{"start":{"line":443,"column":4},"end":{"line":443,"column":65}},"211":{"start":{"line":447,"column":0},"end":{"line":458,"column":3}},"212":{"start":{"line":448,"column":2},"end":{"line":457,"column":3}},"213":{"start":{"line":449,"column":25},"end":{"line":449,"column":38}},"214":{"start":{"line":450,"column":34},"end":{"line":450,"column":72}},"215":{"start":{"line":451,"column":19},"end":{"line":451,"column":54}},"216":{"start":{"line":453,"column":4},"end":{"line":453,"column":41}},"217":{"start":{"line":455,"column":4},"end":{"line":455,"column":61}},"218":{"start":{"line":456,"column":4},"end":{"line":456,"column":66}},"219":{"start":{"line":460,"column":0},"end":{"line":470,"column":3}},"220":{"start":{"line":461,"column":2},"end":{"line":469,"column":3}},"221":{"start":{"line":462,"column":34},"end":{"line":462,"column":72}},"222":{"start":{"line":463,"column":23},"end":{"line":463,"column":51}},"223":{"start":{"line":465,"column":4},"end":{"line":465,"column":41}},"224":{"start":{"line":467,"column":4},"end":{"line":467,"column":66}},"225":{"start":{"line":468,"column":4},"end":{"line":468,"column":68}},"226":{"start":{"line":472,"column":0},"end":{"line":477,"column":3}},"227":{"start":{"line":473,"column":2},"end":{"line":475,"column":3}},"228":{"start":{"line":474,"column":4},"end":{"line":474,"column":30}},"229":{"start":{"line":476,"column":2},"end":{"line":476,"column":57}},"230":{"start":{"line":479,"column":0},"end":{"line":487,"column":3}},"231":{"start":{"line":480,"column":2},"end":{"line":486,"column":3}},"232":{"start":{"line":481,"column":28},"end":{"line":481,"column":74}},"233":{"start":{"line":482,"column":4},"end":{"line":482,"column":35}},"234":{"start":{"line":484,"column":4},"end":{"line":484,"column":48}},"235":{"start":{"line":485,"column":4},"end":{"line":485,"column":62}},"236":{"start":{"line":489,"column":0},"end":{"line":497,"column":3}},"237":{"start":{"line":490,"column":2},"end":{"line":496,"column":3}},"238":{"start":{"line":491,"column":4},"end":{"line":491,"column":56}},"239":{"start":{"line":492,"column":4},"end":{"line":492,"column":29}},"240":{"start":{"line":494,"column":4},"end":{"line":494,"column":50}},"241":{"start":{"line":495,"column":4},"end":{"line":495,"column":52}},"242":{"start":{"line":499,"column":0},"end":{"line":557,"column":3}},"243":{"start":{"line":500,"column":2},"end":{"line":556,"column":3}},"244":{"start":{"line":501,"column":52},"end":{"line":501,"column":59}},"245":{"start":{"line":502,"column":4},"end":{"line":504,"column":5}},"246":{"start":{"line":503,"column":6},"end":{"line":503,"column":66}},"247":{"start":{"line":506,"column":29},"end":{"line":506,"column":78}},"248":{"start":{"line":507,"column":16},"end":{"line":507,"column":40}},"249":{"start":{"line":509,"column":15},"end":{"line":509,"column":29}},"250":{"start":{"line":510,"column":25},"end":{"line":510,"column":27}},"251":{"start":{"line":511,"column":4},"end":{"line":511,"column":63}},"252":{"start":{"line":511,"column":23},"end":{"line":511,"column":63}},"253":{"start":{"line":512,"column":4},"end":{"line":512,"column":69}},"254":{"start":{"line":512,"column":25},"end":{"line":512,"column":69}},"255":{"start":{"line":513,"column":4},"end":{"line":513,"column":60}},"256":{"start":{"line":513,"column":22},"end":{"line":513,"column":60}},"257":{"start":{"line":514,"column":4},"end":{"line":514,"column":69}},"258":{"start":{"line":514,"column":25},"end":{"line":514,"column":69}},"259":{"start":{"line":515,"column":4},"end":{"line":515,"column":87}},"260":{"start":{"line":515,"column":31},"end":{"line":515,"column":87}},"261":{"start":{"line":516,"column":4},"end":{"line":516,"column":81}},"262":{"start":{"line":516,"column":29},"end":{"line":516,"column":81}},"263":{"start":{"line":517,"column":4},"end":{"line":517,"column":54}},"264":{"start":{"line":517,"column":20},"end":{"line":517,"column":54}},"265":{"start":{"line":519,"column":24},"end":{"line":519,"column":61}},"266":{"start":{"line":519,"column":49},"end":{"line":519,"column":60}},"267":{"start":{"line":520,"column":4},"end":{"line":525,"column":5}},"268":{"start":{"line":521,"column":6},"end":{"line":524,"column":8}},"269":{"start":{"line":522,"column":8},"end":{"line":523,"column":81}},"270":{"start":{"line":527,"column":4},"end":{"line":549,"column":5}},"271":{"start":{"line":528,"column":6},"end":{"line":538,"column":8}},"272":{"start":{"line":540,"column":6},"end":{"line":548,"column":9}},"273":{"start":{"line":551,"column":4},"end":{"line":551,"column":64}},"274":{"start":{"line":552,"column":4},"end":{"line":552,"column":29}},"275":{"start":{"line":554,"column":4},"end":{"line":554,"column":55}},"276":{"start":{"line":555,"column":4},"end":{"line":555,"column":52}},"277":{"start":{"line":559,"column":0},"end":{"line":570,"column":3}},"278":{"start":{"line":560,"column":2},"end":{"line":569,"column":3}},"279":{"start":{"line":561,"column":19},"end":{"line":561,"column":26}},"280":{"start":{"line":562,"column":29},"end":{"line":562,"column":78}},"281":{"start":{"line":563,"column":4},"end":{"line":563,"column":49}},"282":{"start":{"line":563,"column":36},"end":{"line":563,"column":47}},"283":{"start":{"line":564,"column":4},"end":{"line":564,"column":64}},"284":{"start":{"line":565,"column":4},"end":{"line":565,"column":29}},"285":{"start":{"line":567,"column":4},"end":{"line":567,"column":53}},"286":{"start":{"line":568,"column":4},"end":{"line":568,"column":52}},"287":{"start":{"line":572,"column":0},"end":{"line":587,"column":3}},"288":{"start":{"line":573,"column":2},"end":{"line":586,"column":3}},"289":{"start":{"line":574,"column":19},"end":{"line":574,"column":26}},"290":{"start":{"line":575,"column":29},"end":{"line":575,"column":78}},"291":{"start":{"line":576,"column":19},"end":{"line":576,"column":51}},"292":{"start":{"line":576,"column":39},"end":{"line":576,"column":50}},"293":{"start":{"line":577,"column":4},"end":{"line":579,"column":5}},"294":{"start":{"line":578,"column":6},"end":{"line":578,"column":71}},"295":{"start":{"line":580,"column":4},"end":{"line":580,"column":114}},"296":{"start":{"line":580,"column":33},"end":{"line":580,"column":112}},"297":{"start":{"line":581,"column":4},"end":{"line":581,"column":64}},"298":{"start":{"line":582,"column":4},"end":{"line":582,"column":45}},"299":{"start":{"line":584,"column":4},"end":{"line":584,"column":52}},"300":{"start":{"line":585,"column":4},"end":{"line":585,"column":52}},"301":{"start":{"line":589,"column":0},"end":{"line":604,"column":3}},"302":{"start":{"line":590,"column":2},"end":{"line":603,"column":3}},"303":{"start":{"line":591,"column":19},"end":{"line":591,"column":26}},"304":{"start":{"line":592,"column":29},"end":{"line":592,"column":78}},"305":{"start":{"line":593,"column":19},"end":{"line":593,"column":51}},"306":{"start":{"line":593,"column":39},"end":{"line":593,"column":50}},"307":{"start":{"line":594,"column":4},"end":{"line":596,"column":5}},"308":{"start":{"line":595,"column":6},"end":{"line":595,"column":71}},"309":{"start":{"line":597,"column":4},"end":{"line":597,"column":115}},"310":{"start":{"line":597,"column":33},"end":{"line":597,"column":113}},"311":{"start":{"line":598,"column":4},"end":{"line":598,"column":64}},"312":{"start":{"line":599,"column":4},"end":{"line":599,"column":46}},"313":{"start":{"line":601,"column":4},"end":{"line":601,"column":51}},"314":{"start":{"line":602,"column":4},"end":{"line":602,"column":52}},"315":{"start":{"line":606,"column":0},"end":{"line":666,"column":3}},"316":{"start":{"line":607,"column":2},"end":{"line":665,"column":3}},"317":{"start":{"line":608,"column":81},"end":{"line":608,"column":88}},"318":{"start":{"line":609,"column":4},"end":{"line":611,"column":5}},"319":{"start":{"line":610,"column":6},"end":{"line":610,"column":66}},"320":{"start":{"line":613,"column":29},"end":{"line":613,"column":78}},"321":{"start":{"line":614,"column":16},"end":{"line":614,"column":40}},"322":{"start":{"line":616,"column":15},"end":{"line":616,"column":29}},"323":{"start":{"line":617,"column":25},"end":{"line":617,"column":27}},"324":{"start":{"line":618,"column":4},"end":{"line":618,"column":63}},"325":{"start":{"line":618,"column":23},"end":{"line":618,"column":63}},"326":{"start":{"line":619,"column":4},"end":{"line":619,"column":69}},"327":{"start":{"line":619,"column":25},"end":{"line":619,"column":69}},"328":{"start":{"line":620,"column":4},"end":{"line":620,"column":60}},"329":{"start":{"line":620,"column":22},"end":{"line":620,"column":60}},"330":{"start":{"line":621,"column":4},"end":{"line":621,"column":69}},"331":{"start":{"line":621,"column":25},"end":{"line":621,"column":69}},"332":{"start":{"line":622,"column":4},"end":{"line":622,"column":87}},"333":{"start":{"line":622,"column":31},"end":{"line":622,"column":87}},"334":{"start":{"line":623,"column":4},"end":{"line":623,"column":81}},"335":{"start":{"line":623,"column":29},"end":{"line":623,"column":81}},"336":{"start":{"line":624,"column":4},"end":{"line":624,"column":54}},"337":{"start":{"line":624,"column":20},"end":{"line":624,"column":54}},"338":{"start":{"line":626,"column":24},"end":{"line":626,"column":61}},"339":{"start":{"line":626,"column":49},"end":{"line":626,"column":60}},"340":{"start":{"line":627,"column":4},"end":{"line":632,"column":5}},"341":{"start":{"line":628,"column":6},"end":{"line":631,"column":8}},"342":{"start":{"line":629,"column":8},"end":{"line":630,"column":81}},"343":{"start":{"line":634,"column":4},"end":{"line":658,"column":5}},"344":{"start":{"line":635,"column":6},"end":{"line":645,"column":8}},"345":{"start":{"line":647,"column":6},"end":{"line":657,"column":9}},"346":{"start":{"line":660,"column":4},"end":{"line":660,"column":64}},"347":{"start":{"line":661,"column":4},"end":{"line":661,"column":29}},"348":{"start":{"line":663,"column":4},"end":{"line":663,"column":62}},"349":{"start":{"line":664,"column":4},"end":{"line":664,"column":52}},"350":{"start":{"line":668,"column":0},"end":{"line":679,"column":3}},"351":{"start":{"line":669,"column":2},"end":{"line":678,"column":3}},"352":{"start":{"line":670,"column":19},"end":{"line":670,"column":26}},"353":{"start":{"line":671,"column":29},"end":{"line":671,"column":78}},"354":{"start":{"line":672,"column":4},"end":{"line":672,"column":49}},"355":{"start":{"line":672,"column":36},"end":{"line":672,"column":47}},"356":{"start":{"line":673,"column":4},"end":{"line":673,"column":64}},"357":{"start":{"line":674,"column":4},"end":{"line":674,"column":29}},"358":{"start":{"line":676,"column":4},"end":{"line":676,"column":60}},"359":{"start":{"line":677,"column":4},"end":{"line":677,"column":52}},"360":{"start":{"line":681,"column":0},"end":{"line":696,"column":3}},"361":{"start":{"line":682,"column":2},"end":{"line":695,"column":3}},"362":{"start":{"line":683,"column":19},"end":{"line":683,"column":26}},"363":{"start":{"line":684,"column":29},"end":{"line":684,"column":78}},"364":{"start":{"line":685,"column":19},"end":{"line":685,"column":51}},"365":{"start":{"line":685,"column":39},"end":{"line":685,"column":50}},"366":{"start":{"line":686,"column":4},"end":{"line":688,"column":5}},"367":{"start":{"line":687,"column":6},"end":{"line":687,"column":71}},"368":{"start":{"line":689,"column":4},"end":{"line":689,"column":114}},"369":{"start":{"line":689,"column":33},"end":{"line":689,"column":112}},"370":{"start":{"line":690,"column":4},"end":{"line":690,"column":64}},"371":{"start":{"line":691,"column":4},"end":{"line":691,"column":45}},"372":{"start":{"line":693,"column":4},"end":{"line":693,"column":61}},"373":{"start":{"line":694,"column":4},"end":{"line":694,"column":52}},"374":{"start":{"line":698,"column":0},"end":{"line":713,"column":3}},"375":{"start":{"line":699,"column":2},"end":{"line":712,"column":3}},"376":{"start":{"line":700,"column":19},"end":{"line":700,"column":26}},"377":{"start":{"line":701,"column":29},"end":{"line":701,"column":78}},"378":{"start":{"line":702,"column":19},"end":{"line":702,"column":51}},"379":{"start":{"line":702,"column":39},"end":{"line":702,"column":50}},"380":{"start":{"line":703,"column":4},"end":{"line":705,"column":5}},"381":{"start":{"line":704,"column":6},"end":{"line":704,"column":71}},"382":{"start":{"line":706,"column":4},"end":{"line":706,"column":115}},"383":{"start":{"line":706,"column":33},"end":{"line":706,"column":113}},"384":{"start":{"line":707,"column":4},"end":{"line":707,"column":64}},"385":{"start":{"line":708,"column":4},"end":{"line":708,"column":46}},"386":{"start":{"line":710,"column":4},"end":{"line":710,"column":60}},"387":{"start":{"line":711,"column":4},"end":{"line":711,"column":52}},"388":{"start":{"line":715,"column":0},"end":{"line":728,"column":3}},"389":{"start":{"line":716,"column":2},"end":{"line":727,"column":3}},"390":{"start":{"line":717,"column":19},"end":{"line":717,"column":26}},"391":{"start":{"line":718,"column":31},"end":{"line":718,"column":80}},"392":{"start":{"line":719,"column":19},"end":{"line":719,"column":51}},"393":{"start":{"line":719,"column":39},"end":{"line":719,"column":50}},"394":{"start":{"line":720,"column":4},"end":{"line":722,"column":5}},"395":{"start":{"line":721,"column":6},"end":{"line":721,"column":88}},"396":{"start":{"line":723,"column":4},"end":{"line":723,"column":63}},"397":{"start":{"line":725,"column":4},"end":{"line":725,"column":64}},"398":{"start":{"line":726,"column":4},"end":{"line":726,"column":63}},"399":{"start":{"line":730,"column":0},"end":{"line":790,"column":3}},"400":{"start":{"line":731,"column":2},"end":{"line":789,"column":3}},"401":{"start":{"line":732,"column":31},"end":{"line":732,"column":80}},"402":{"start":{"line":733,"column":4},"end":{"line":735,"column":5}},"403":{"start":{"line":734,"column":6},"end":{"line":734,"column":61}},"404":{"start":{"line":737,"column":26},"end":{"line":737,"column":35}},"405":{"start":{"line":738,"column":22},"end":{"line":738,"column":24}},"406":{"start":{"line":739,"column":20},"end":{"line":739,"column":22}},"407":{"start":{"line":740,"column":22},"end":{"line":740,"column":27}},"408":{"start":{"line":742,"column":4},"end":{"line":779,"column":5}},"409":{"start":{"line":743,"column":17},"end":{"line":743,"column":38}},"410":{"start":{"line":744,"column":6},"end":{"line":744,"column":134}},"411":{"start":{"line":746,"column":6},"end":{"line":749,"column":7}},"412":{"start":{"line":747,"column":8},"end":{"line":747,"column":31}},"413":{"start":{"line":748,"column":8},"end":{"line":748,"column":17}},"414":{"start":{"line":751,"column":19},"end":{"line":751,"column":53}},"415":{"start":{"line":752,"column":6},"end":{"line":755,"column":7}},"416":{"start":{"line":753,"column":8},"end":{"line":753,"column":65}},"417":{"start":{"line":754,"column":8},"end":{"line":754,"column":51}},"418":{"start":{"line":757,"column":6},"end":{"line":761,"column":7}},"419":{"start":{"line":758,"column":8},"end":{"line":758,"column":27}},"420":{"start":{"line":759,"column":8},"end":{"line":759,"column":31}},"421":{"start":{"line":760,"column":8},"end":{"line":760,"column":17}},"422":{"start":{"line":763,"column":29},"end":{"line":763,"column":80}},"423":{"start":{"line":764,"column":6},"end":{"line":778,"column":7}},"424":{"start":{"line":765,"column":8},"end":{"line":765,"column":29}},"425":{"start":{"line":767,"column":25},"end":{"line":769,"column":37}},"426":{"start":{"line":770,"column":27},"end":{"line":772,"column":9}},"427":{"start":{"line":771,"column":10},"end":{"line":771,"column":64}},"428":{"start":{"line":773,"column":8},"end":{"line":777,"column":9}},"429":{"start":{"line":774,"column":10},"end":{"line":774,"column":33}},"430":{"start":{"line":776,"column":10},"end":{"line":776,"column":31}},"431":{"start":{"line":781,"column":6},"end":{"line":783,"column":7}},"432":{"start":{"line":782,"column":8},"end":{"line":782,"column":70}},"433":{"start":{"line":785,"column":4},"end":{"line":785,"column":79}},"434":{"start":{"line":787,"column":4},"end":{"line":787,"column":51}},"435":{"start":{"line":788,"column":4},"end":{"line":788,"column":65}},"436":{"start":{"line":792,"column":0},"end":{"line":816,"column":3}},"437":{"start":{"line":793,"column":2},"end":{"line":815,"column":3}},"438":{"start":{"line":794,"column":36},"end":{"line":794,"column":43}},"439":{"start":{"line":795,"column":31},"end":{"line":795,"column":80}},"440":{"start":{"line":797,"column":4},"end":{"line":802,"column":5}},"441":{"start":{"line":798,"column":21},"end":{"line":798,"column":53}},"442":{"start":{"line":798,"column":41},"end":{"line":798,"column":52}},"443":{"start":{"line":799,"column":6},"end":{"line":801,"column":7}},"444":{"start":{"line":800,"column":8},"end":{"line":800,"column":90}},"445":{"start":{"line":804,"column":4},"end":{"line":809,"column":5}},"446":{"start":{"line":805,"column":21},"end":{"line":805,"column":86}},"447":{"start":{"line":805,"column":41},"end":{"line":805,"column":85}},"448":{"start":{"line":806,"column":6},"end":{"line":808,"column":7}},"449":{"start":{"line":807,"column":8},"end":{"line":807,"column":90}},"450":{"start":{"line":811,"column":4},"end":{"line":811,"column":63}},"451":{"start":{"line":813,"column":4},"end":{"line":813,"column":55}},"452":{"start":{"line":814,"column":4},"end":{"line":814,"column":63}},"453":{"start":{"line":818,"column":0},"end":{"line":844,"column":3}},"454":{"start":{"line":819,"column":67},"end":{"line":819,"column":74}},"455":{"start":{"line":820,"column":29},"end":{"line":820,"column":57}},"456":{"start":{"line":822,"column":18},"end":{"line":822,"column":33}},"457":{"start":{"line":823,"column":2},"end":{"line":828,"column":3}},"458":{"start":{"line":824,"column":23},"end":{"line":824,"column":65}},"459":{"start":{"line":825,"column":4},"end":{"line":827,"column":5}},"460":{"start":{"line":826,"column":6},"end":{"line":826,"column":32}},"461":{"start":{"line":830,"column":2},"end":{"line":832,"column":3}},"462":{"start":{"line":831,"column":4},"end":{"line":831,"column":55}},"463":{"start":{"line":834,"column":2},"end":{"line":843,"column":3}},"464":{"start":{"line":836,"column":22},"end":{"line":836,"column":56}},"465":{"start":{"line":839,"column":4},"end":{"line":839,"column":55}},"466":{"start":{"line":841,"column":4},"end":{"line":841,"column":72}},"467":{"start":{"line":842,"column":4},"end":{"line":842,"column":55}},"468":{"start":{"line":846,"column":0},"end":{"line":868,"column":3}},"469":{"start":{"line":847,"column":2},"end":{"line":867,"column":3}},"470":{"start":{"line":848,"column":21},"end":{"line":850,"column":6}},"471":{"start":{"line":852,"column":4},"end":{"line":858,"column":5}},"472":{"start":{"line":853,"column":6},"end":{"line":857,"column":8}},"473":{"start":{"line":860,"column":22},"end":{"line":860,"column":43}},"474":{"start":{"line":861,"column":19},"end":{"line":861,"column":45}},"475":{"start":{"line":863,"column":4},"end":{"line":863,"column":57}},"476":{"start":{"line":865,"column":4},"end":{"line":865,"column":50}},"477":{"start":{"line":866,"column":4},"end":{"line":866,"column":64}},"478":{"start":{"line":871,"column":23},"end":{"line":871,"column":48}}},"fnMap":{"0":{"name":"(anonymous_0)","decl":{"start":{"line":89,"column":20},"end":{"line":89,"column":21}},"loc":{"start":{"line":89,"column":59},"end":{"line":91,"column":1}},"line":89},"1":{"name":"(anonymous_1)","decl":{"start":{"line":93,"column":23},"end":{"line":93,"column":24}},"loc":{"start":{"line":93,"column":47},"end":{"line":138,"column":1}},"line":93},"2":{"name":"(anonymous_2)","decl":{"start":{"line":137,"column":22},"end":{"line":137,"column":23}},"loc":{"start":{"line":137,"column":32},"end":{"line":137,"column":49}},"line":137},"3":{"name":"(anonymous_3)","decl":{"start":{"line":140,"column":22},"end":{"line":140,"column":23}},"loc":{"start":{"line":140,"column":60},"end":{"line":142,"column":1}},"line":140},"4":{"name":"(anonymous_4)","decl":{"start":{"line":144,"column":25},"end":{"line":144,"column":26}},"loc":{"start":{"line":144,"column":53},"end":{"line":146,"column":1}},"line":144},"5":{"name":"(anonymous_5)","decl":{"start":{"line":145,"column":48},"end":{"line":145,"column":49}},"loc":{"start":{"line":145,"column":53},"end":{"line":145,"column":63}},"line":145},"6":{"name":"(anonymous_6)","decl":{"start":{"line":148,"column":29},"end":{"line":148,"column":30}},"loc":{"start":{"line":148,"column":67},"end":{"line":150,"column":1}},"line":148},"7":{"name":"(anonymous_7)","decl":{"start":{"line":149,"column":39},"end":{"line":149,"column":40}},"loc":{"start":{"line":149,"column":44},"end":{"line":149,"column":67}},"line":149},"8":{"name":"(anonymous_8)","decl":{"start":{"line":152,"column":21},"end":{"line":152,"column":22}},"loc":{"start":{"line":152,"column":53},"end":{"line":159,"column":1}},"line":152},"9":{"name":"(anonymous_9)","decl":{"start":{"line":161,"column":20},"end":{"line":161,"column":21}},"loc":{"start":{"line":161,"column":52},"end":{"line":175,"column":1}},"line":161},"10":{"name":"(anonymous_10)","decl":{"start":{"line":180,"column":36},"end":{"line":180,"column":37}},"loc":{"start":{"line":180,"column":131},"end":{"line":226,"column":1}},"line":180},"11":{"name":"(anonymous_11)","decl":{"start":{"line":192,"column":40},"end":{"line":192,"column":41}},"loc":{"start":{"line":192,"column":47},"end":{"line":192,"column":65}},"line":192},"12":{"name":"(anonymous_12)","decl":{"start":{"line":231,"column":35},"end":{"line":231,"column":36}},"loc":{"start":{"line":231,"column":51},"end":{"line":269,"column":1}},"line":231},"13":{"name":"(anonymous_13)","decl":{"start":{"line":274,"column":24},"end":{"line":274,"column":25}},"loc":{"start":{"line":274,"column":40},"end":{"line":415,"column":1}},"line":274},"14":{"name":"(anonymous_14)","decl":{"start":{"line":287,"column":40},"end":{"line":287,"column":41}},"loc":{"start":{"line":288,"column":6},"end":{"line":289,"column":28}},"line":288},"15":{"name":"(anonymous_15)","decl":{"start":{"line":346,"column":38},"end":{"line":346,"column":39}},"loc":{"start":{"line":346,"column":45},"end":{"line":346,"column":115}},"line":346},"16":{"name":"(anonymous_16)","decl":{"start":{"line":368,"column":53},"end":{"line":368,"column":54}},"loc":{"start":{"line":368,"column":60},"end":{"line":368,"column":70}},"line":368},"17":{"name":"(anonymous_17)","decl":{"start":{"line":403,"column":53},"end":{"line":403,"column":54}},"loc":{"start":{"line":403,"column":60},"end":{"line":403,"column":79}},"line":403},"18":{"name":"(anonymous_18)","decl":{"start":{"line":419,"column":34},"end":{"line":419,"column":35}},"loc":{"start":{"line":419,"column":46},"end":{"line":427,"column":1}},"line":419},"19":{"name":"(anonymous_19)","decl":{"start":{"line":429,"column":37},"end":{"line":429,"column":38}},"loc":{"start":{"line":429,"column":60},"end":{"line":445,"column":1}},"line":429},"20":{"name":"(anonymous_20)","decl":{"start":{"line":437,"column":31},"end":{"line":437,"column":32}},"loc":{"start":{"line":437,"column":36},"end":{"line":437,"column":59}},"line":437},"21":{"name":"(anonymous_21)","decl":{"start":{"line":447,"column":37},"end":{"line":447,"column":38}},"loc":{"start":{"line":447,"column":60},"end":{"line":458,"column":1}},"line":447},"22":{"name":"(anonymous_22)","decl":{"start":{"line":460,"column":37},"end":{"line":460,"column":38}},"loc":{"start":{"line":460,"column":49},"end":{"line":470,"column":1}},"line":460},"23":{"name":"(anonymous_23)","decl":{"start":{"line":472,"column":32},"end":{"line":472,"column":33}},"loc":{"start":{"line":472,"column":49},"end":{"line":477,"column":1}},"line":472},"24":{"name":"(anonymous_24)","decl":{"start":{"line":479,"column":27},"end":{"line":479,"column":28}},"loc":{"start":{"line":479,"column":39},"end":{"line":487,"column":1}},"line":479},"25":{"name":"(anonymous_25)","decl":{"start":{"line":489,"column":29},"end":{"line":489,"column":30}},"loc":{"start":{"line":489,"column":41},"end":{"line":497,"column":1}},"line":489},"26":{"name":"(anonymous_26)","decl":{"start":{"line":499,"column":34},"end":{"line":499,"column":35}},"loc":{"start":{"line":499,"column":57},"end":{"line":557,"column":1}},"line":499},"27":{"name":"(anonymous_27)","decl":{"start":{"line":519,"column":42},"end":{"line":519,"column":43}},"loc":{"start":{"line":519,"column":49},"end":{"line":519,"column":60}},"line":519},"28":{"name":"(anonymous_28)","decl":{"start":{"line":521,"column":40},"end":{"line":521,"column":41}},"loc":{"start":{"line":522,"column":8},"end":{"line":523,"column":81}},"line":522},"29":{"name":"(anonymous_29)","decl":{"start":{"line":559,"column":32},"end":{"line":559,"column":33}},"loc":{"start":{"line":559,"column":55},"end":{"line":570,"column":1}},"line":559},"30":{"name":"(anonymous_30)","decl":{"start":{"line":563,"column":29},"end":{"line":563,"column":30}},"loc":{"start":{"line":563,"column":36},"end":{"line":563,"column":47}},"line":563},"31":{"name":"(anonymous_31)","decl":{"start":{"line":572,"column":31},"end":{"line":572,"column":32}},"loc":{"start":{"line":572,"column":54},"end":{"line":587,"column":1}},"line":572},"32":{"name":"(anonymous_32)","decl":{"start":{"line":576,"column":32},"end":{"line":576,"column":33}},"loc":{"start":{"line":576,"column":39},"end":{"line":576,"column":50}},"line":576},"33":{"name":"(anonymous_33)","decl":{"start":{"line":580,"column":26},"end":{"line":580,"column":27}},"loc":{"start":{"line":580,"column":33},"end":{"line":580,"column":112}},"line":580},"34":{"name":"(anonymous_34)","decl":{"start":{"line":589,"column":30},"end":{"line":589,"column":31}},"loc":{"start":{"line":589,"column":53},"end":{"line":604,"column":1}},"line":589},"35":{"name":"(anonymous_35)","decl":{"start":{"line":593,"column":32},"end":{"line":593,"column":33}},"loc":{"start":{"line":593,"column":39},"end":{"line":593,"column":50}},"line":593},"36":{"name":"(anonymous_36)","decl":{"start":{"line":597,"column":26},"end":{"line":597,"column":27}},"loc":{"start":{"line":597,"column":33},"end":{"line":597,"column":113}},"line":597},"37":{"name":"(anonymous_37)","decl":{"start":{"line":606,"column":40},"end":{"line":606,"column":41}},"loc":{"start":{"line":606,"column":63},"end":{"line":666,"column":1}},"line":606},"38":{"name":"(anonymous_38)","decl":{"start":{"line":626,"column":42},"end":{"line":626,"column":43}},"loc":{"start":{"line":626,"column":49},"end":{"line":626,"column":60}},"line":626},"39":{"name":"(anonymous_39)","decl":{"start":{"line":628,"column":40},"end":{"line":628,"column":41}},"loc":{"start":{"line":629,"column":8},"end":{"line":630,"column":81}},"line":629},"40":{"name":"(anonymous_40)","decl":{"start":{"line":668,"column":38},"end":{"line":668,"column":39}},"loc":{"start":{"line":668,"column":61},"end":{"line":679,"column":1}},"line":668},"41":{"name":"(anonymous_41)","decl":{"start":{"line":672,"column":29},"end":{"line":672,"column":30}},"loc":{"start":{"line":672,"column":36},"end":{"line":672,"column":47}},"line":672},"42":{"name":"(anonymous_42)","decl":{"start":{"line":681,"column":39},"end":{"line":681,"column":40}},"loc":{"start":{"line":681,"column":62},"end":{"line":696,"column":1}},"line":681},"43":{"name":"(anonymous_43)","decl":{"start":{"line":685,"column":32},"end":{"line":685,"column":33}},"loc":{"start":{"line":685,"column":39},"end":{"line":685,"column":50}},"line":685},"44":{"name":"(anonymous_44)","decl":{"start":{"line":689,"column":26},"end":{"line":689,"column":27}},"loc":{"start":{"line":689,"column":33},"end":{"line":689,"column":112}},"line":689},"45":{"name":"(anonymous_45)","decl":{"start":{"line":698,"column":38},"end":{"line":698,"column":39}},"loc":{"start":{"line":698,"column":61},"end":{"line":713,"column":1}},"line":698},"46":{"name":"(anonymous_46)","decl":{"start":{"line":702,"column":32},"end":{"line":702,"column":33}},"loc":{"start":{"line":702,"column":39},"end":{"line":702,"column":50}},"line":702},"47":{"name":"(anonymous_47)","decl":{"start":{"line":706,"column":26},"end":{"line":706,"column":27}},"loc":{"start":{"line":706,"column":33},"end":{"line":706,"column":113}},"line":706},"48":{"name":"(anonymous_48)","decl":{"start":{"line":715,"column":41},"end":{"line":715,"column":42}},"loc":{"start":{"line":715,"column":64},"end":{"line":728,"column":1}},"line":715},"49":{"name":"(anonymous_49)","decl":{"start":{"line":719,"column":32},"end":{"line":719,"column":33}},"loc":{"start":{"line":719,"column":39},"end":{"line":719,"column":50}},"line":719},"50":{"name":"(anonymous_50)","decl":{"start":{"line":730,"column":30},"end":{"line":730,"column":31}},"loc":{"start":{"line":730,"column":42},"end":{"line":790,"column":1}},"line":730},"51":{"name":"(anonymous_51)","decl":{"start":{"line":770,"column":41},"end":{"line":770,"column":42}},"loc":{"start":{"line":771,"column":10},"end":{"line":771,"column":64}},"line":771},"52":{"name":"(anonymous_52)","decl":{"start":{"line":792,"column":33},"end":{"line":792,"column":34}},"loc":{"start":{"line":792,"column":56},"end":{"line":816,"column":1}},"line":792},"53":{"name":"(anonymous_53)","decl":{"start":{"line":798,"column":34},"end":{"line":798,"column":35}},"loc":{"start":{"line":798,"column":41},"end":{"line":798,"column":52}},"line":798},"54":{"name":"(anonymous_54)","decl":{"start":{"line":805,"column":34},"end":{"line":805,"column":35}},"loc":{"start":{"line":805,"column":41},"end":{"line":805,"column":85}},"line":805},"55":{"name":"(anonymous_55)","decl":{"start":{"line":818,"column":35},"end":{"line":818,"column":36}},"loc":{"start":{"line":818,"column":58},"end":{"line":844,"column":1}},"line":818},"56":{"name":"(anonymous_56)","decl":{"start":{"line":846,"column":29},"end":{"line":846,"column":30}},"loc":{"start":{"line":846,"column":41},"end":{"line":868,"column":1}},"line":846}},"branchMap":{"0":{"loc":{"start":{"line":89,"column":32},"end":{"line":89,"column":54}},"type":"default-arg","locations":[{"start":{"line":89,"column":42},"end":{"line":89,"column":54}}],"line":89},"1":{"loc":{"start":{"line":94,"column":2},"end":{"line":94,"column":61}},"type":"if","locations":[{"start":{"line":94,"column":2},"end":{"line":94,"column":61}},{"start":{},"end":{}}],"line":94},"2":{"loc":{"start":{"line":94,"column":6},"end":{"line":94,"column":49}},"type":"binary-expr","locations":[{"start":{"line":94,"column":6},"end":{"line":94,"column":16}},{"start":{"line":94,"column":20},"end":{"line":94,"column":49}}],"line":94},"3":{"loc":{"start":{"line":103,"column":26},"end":{"line":103,"column":47}},"type":"binary-expr","locations":[{"start":{"line":103,"column":26},"end":{"line":103,"column":41}},{"start":{"line":103,"column":45},"end":{"line":103,"column":47}}],"line":103},"4":{"loc":{"start":{"line":105,"column":6},"end":{"line":108,"column":7}},"type":"if","locations":[{"start":{"line":105,"column":6},"end":{"line":108,"column":7}},{"start":{},"end":{}}],"line":105},"5":{"loc":{"start":{"line":107,"column":8},"end":{"line":107,"column":56}},"type":"if","locations":[{"start":{"line":107,"column":8},"end":{"line":107,"column":56}},{"start":{},"end":{}}],"line":107},"6":{"loc":{"start":{"line":110,"column":6},"end":{"line":112,"column":7}},"type":"if","locations":[{"start":{"line":110,"column":6},"end":{"line":112,"column":7}},{"start":{},"end":{}}],"line":110},"7":{"loc":{"start":{"line":117,"column":4},"end":{"line":119,"column":5}},"type":"if","locations":[{"start":{"line":117,"column":4},"end":{"line":119,"column":5}},{"start":{},"end":{}}],"line":117},"8":{"loc":{"start":{"line":123,"column":4},"end":{"line":134,"column":5}},"type":"if","locations":[{"start":{"line":123,"column":4},"end":{"line":134,"column":5}},{"start":{},"end":{}}],"line":123},"9":{"loc":{"start":{"line":132,"column":20},"end":{"line":132,"column":43}},"type":"binary-expr","locations":[{"start":{"line":132,"column":20},"end":{"line":132,"column":37}},{"start":{"line":132,"column":41},"end":{"line":132,"column":43}}],"line":132},"10":{"loc":{"start":{"line":140,"column":33},"end":{"line":140,"column":55}},"type":"default-arg","locations":[{"start":{"line":140,"column":43},"end":{"line":140,"column":55}}],"line":140},"11":{"loc":{"start":{"line":141,"column":9},"end":{"line":141,"column":34}},"type":"binary-expr","locations":[{"start":{"line":141,"column":9},"end":{"line":141,"column":26}},{"start":{"line":141,"column":30},"end":{"line":141,"column":34}}],"line":141},"12":{"loc":{"start":{"line":144,"column":26},"end":{"line":144,"column":48}},"type":"default-arg","locations":[{"start":{"line":144,"column":36},"end":{"line":144,"column":48}}],"line":144},"13":{"loc":{"start":{"line":148,"column":40},"end":{"line":148,"column":62}},"type":"default-arg","locations":[{"start":{"line":148,"column":50},"end":{"line":148,"column":62}}],"line":148},"14":{"loc":{"start":{"line":152,"column":28},"end":{"line":152,"column":48}},"type":"default-arg","locations":[{"start":{"line":152,"column":34},"end":{"line":152,"column":48}}],"line":152},"15":{"loc":{"start":{"line":161,"column":27},"end":{"line":161,"column":47}},"type":"default-arg","locations":[{"start":{"line":161,"column":33},"end":{"line":161,"column":47}}],"line":161},"16":{"loc":{"start":{"line":164,"column":4},"end":{"line":167,"column":5}},"type":"if","locations":[{"start":{"line":164,"column":4},"end":{"line":167,"column":5}},{"start":{},"end":{}}],"line":164},"17":{"loc":{"start":{"line":180,"column":63},"end":{"line":180,"column":77}},"type":"default-arg","locations":[{"start":{"line":180,"column":72},"end":{"line":180,"column":77}}],"line":180},"18":{"loc":{"start":{"line":180,"column":79},"end":{"line":180,"column":91}},"type":"default-arg","locations":[{"start":{"line":180,"column":89},"end":{"line":180,"column":91}}],"line":180},"19":{"loc":{"start":{"line":184,"column":4},"end":{"line":187,"column":5}},"type":"if","locations":[{"start":{"line":184,"column":4},"end":{"line":187,"column":5}},{"start":{},"end":{}}],"line":184},"20":{"loc":{"start":{"line":184,"column":8},"end":{"line":184,"column":62}},"type":"binary-expr","locations":[{"start":{"line":184,"column":8},"end":{"line":184,"column":24}},{"start":{"line":184,"column":28},"end":{"line":184,"column":62}}],"line":184},"21":{"loc":{"start":{"line":190,"column":4},"end":{"line":197,"column":5}},"type":"if","locations":[{"start":{"line":190,"column":4},"end":{"line":197,"column":5}},{"start":{},"end":{}}],"line":190},"22":{"loc":{"start":{"line":190,"column":8},"end":{"line":190,"column":60}},"type":"binary-expr","locations":[{"start":{"line":190,"column":8},"end":{"line":190,"column":20}},{"start":{"line":190,"column":24},"end":{"line":190,"column":47}},{"start":{"line":190,"column":51},"end":{"line":190,"column":60}}],"line":190},"23":{"loc":{"start":{"line":191,"column":33},"end":{"line":191,"column":82}},"type":"binary-expr","locations":[{"start":{"line":191,"column":33},"end":{"line":191,"column":76}},{"start":{"line":191,"column":80},"end":{"line":191,"column":82}}],"line":191},"24":{"loc":{"start":{"line":193,"column":6},"end":{"line":195,"column":7}},"type":"if","locations":[{"start":{"line":193,"column":6},"end":{"line":195,"column":7}},{"start":{},"end":{}}],"line":193},"25":{"loc":{"start":{"line":200,"column":20},"end":{"line":200,"column":63}},"type":"binary-expr","locations":[{"start":{"line":200,"column":20},"end":{"line":200,"column":46}},{"start":{"line":200,"column":50},"end":{"line":200,"column":63}}],"line":200},"26":{"loc":{"start":{"line":201,"column":58},"end":{"line":201,"column":99}},"type":"binary-expr","locations":[{"start":{"line":201,"column":58},"end":{"line":201,"column":91}},{"start":{"line":201,"column":95},"end":{"line":201,"column":99}}],"line":201},"27":{"loc":{"start":{"line":203,"column":4},"end":{"line":215,"column":5}},"type":"if","locations":[{"start":{"line":203,"column":4},"end":{"line":215,"column":5}},{"start":{},"end":{}}],"line":203},"28":{"loc":{"start":{"line":217,"column":4},"end":{"line":219,"column":5}},"type":"if","locations":[{"start":{"line":217,"column":4},"end":{"line":219,"column":5}},{"start":{},"end":{}}],"line":217},"29":{"loc":{"start":{"line":237,"column":2},"end":{"line":240,"column":3}},"type":"if","locations":[{"start":{"line":237,"column":2},"end":{"line":240,"column":3}},{"start":{},"end":{}}],"line":237},"30":{"loc":{"start":{"line":237,"column":6},"end":{"line":237,"column":43}},"type":"binary-expr","locations":[{"start":{"line":237,"column":6},"end":{"line":237,"column":13}},{"start":{"line":237,"column":17},"end":{"line":237,"column":43}}],"line":237},"31":{"loc":{"start":{"line":244,"column":12},"end":{"line":244,"column":31}},"type":"binary-expr","locations":[{"start":{"line":244,"column":12},"end":{"line":244,"column":25}},{"start":{"line":244,"column":29},"end":{"line":244,"column":31}}],"line":244},"32":{"loc":{"start":{"line":252,"column":2},"end":{"line":255,"column":3}},"type":"if","locations":[{"start":{"line":252,"column":2},"end":{"line":255,"column":3}},{"start":{},"end":{}}],"line":252},"33":{"loc":{"start":{"line":257,"column":2},"end":{"line":260,"column":3}},"type":"if","locations":[{"start":{"line":257,"column":2},"end":{"line":260,"column":3}},{"start":{},"end":{}}],"line":257},"34":{"loc":{"start":{"line":262,"column":2},"end":{"line":265,"column":3}},"type":"if","locations":[{"start":{"line":262,"column":2},"end":{"line":265,"column":3}},{"start":{},"end":{}}],"line":262},"35":{"loc":{"start":{"line":280,"column":2},"end":{"line":283,"column":3}},"type":"if","locations":[{"start":{"line":280,"column":2},"end":{"line":283,"column":3}},{"start":{},"end":{}}],"line":280},"36":{"loc":{"start":{"line":280,"column":6},"end":{"line":280,"column":43}},"type":"binary-expr","locations":[{"start":{"line":280,"column":6},"end":{"line":280,"column":13}},{"start":{"line":280,"column":17},"end":{"line":280,"column":43}}],"line":280},"37":{"loc":{"start":{"line":286,"column":31},"end":{"line":286,"column":80}},"type":"binary-expr","locations":[{"start":{"line":286,"column":31},"end":{"line":286,"column":74}},{"start":{"line":286,"column":78},"end":{"line":286,"column":80}}],"line":286},"38":{"loc":{"start":{"line":288,"column":6},"end":{"line":289,"column":28}},"type":"binary-expr","locations":[{"start":{"line":288,"column":6},"end":{"line":288,"column":94}},{"start":{"line":289,"column":9},"end":{"line":289,"column":28}}],"line":288},"39":{"loc":{"start":{"line":288,"column":21},"end":{"line":288,"column":93}},"type":"binary-expr","locations":[{"start":{"line":288,"column":21},"end":{"line":288,"column":43}},{"start":{"line":288,"column":47},"end":{"line":288,"column":76}},{"start":{"line":288,"column":80},"end":{"line":288,"column":93}}],"line":288},"40":{"loc":{"start":{"line":291,"column":4},"end":{"line":294,"column":5}},"type":"if","locations":[{"start":{"line":291,"column":4},"end":{"line":294,"column":5}},{"start":{},"end":{}}],"line":291},"41":{"loc":{"start":{"line":299,"column":18},"end":{"line":299,"column":90}},"type":"binary-expr","locations":[{"start":{"line":299,"column":18},"end":{"line":299,"column":40}},{"start":{"line":299,"column":44},"end":{"line":299,"column":73}},{"start":{"line":299,"column":77},"end":{"line":299,"column":90}}],"line":299},"42":{"loc":{"start":{"line":300,"column":27},"end":{"line":300,"column":224}},"type":"binary-expr","locations":[{"start":{"line":300,"column":27},"end":{"line":300,"column":48}},{"start":{"line":300,"column":52},"end":{"line":300,"column":81}},{"start":{"line":300,"column":85},"end":{"line":300,"column":224}}],"line":300},"43":{"loc":{"start":{"line":303,"column":19},"end":{"line":303,"column":107}},"type":"binary-expr","locations":[{"start":{"line":303,"column":19},"end":{"line":303,"column":39}},{"start":{"line":303,"column":44},"end":{"line":303,"column":65}},{"start":{"line":303,"column":69},"end":{"line":303,"column":106}}],"line":303},"44":{"loc":{"start":{"line":306,"column":2},"end":{"line":311,"column":3}},"type":"if","locations":[{"start":{"line":306,"column":2},"end":{"line":311,"column":3}},{"start":{"line":309,"column":9},"end":{"line":311,"column":3}}],"line":306},"45":{"loc":{"start":{"line":308,"column":4},"end":{"line":308,"column":70}},"type":"if","locations":[{"start":{"line":308,"column":4},"end":{"line":308,"column":70}},{"start":{},"end":{}}],"line":308},"46":{"loc":{"start":{"line":309,"column":9},"end":{"line":311,"column":3}},"type":"if","locations":[{"start":{"line":309,"column":9},"end":{"line":311,"column":3}},{"start":{},"end":{}}],"line":309},"47":{"loc":{"start":{"line":313,"column":19},"end":{"line":313,"column":52}},"type":"cond-expr","locations":[{"start":{"line":313,"column":30},"end":{"line":313,"column":48}},{"start":{"line":313,"column":51},"end":{"line":313,"column":52}}],"line":313},"48":{"loc":{"start":{"line":314,"column":23},"end":{"line":316,"column":8}},"type":"cond-expr","locations":[{"start":{"line":315,"column":7},"end":{"line":315,"column":70}},{"start":{"line":316,"column":6},"end":{"line":316,"column":8}}],"line":314},"49":{"loc":{"start":{"line":315,"column":7},"end":{"line":315,"column":70}},"type":"cond-expr","locations":[{"start":{"line":315,"column":19},"end":{"line":315,"column":40}},{"start":{"line":315,"column":43},"end":{"line":315,"column":70}}],"line":315},"50":{"loc":{"start":{"line":318,"column":108},"end":{"line":318,"column":141}},"type":"cond-expr","locations":[{"start":{"line":318,"column":119},"end":{"line":318,"column":128}},{"start":{"line":318,"column":131},"end":{"line":318,"column":141}}],"line":318},"51":{"loc":{"start":{"line":320,"column":2},"end":{"line":323,"column":3}},"type":"if","locations":[{"start":{"line":320,"column":2},"end":{"line":323,"column":3}},{"start":{},"end":{}}],"line":320},"52":{"loc":{"start":{"line":320,"column":6},"end":{"line":320,"column":44}},"type":"binary-expr","locations":[{"start":{"line":320,"column":6},"end":{"line":320,"column":30}},{"start":{"line":320,"column":34},"end":{"line":320,"column":44}}],"line":320},"53":{"loc":{"start":{"line":328,"column":2},"end":{"line":386,"column":3}},"type":"if","locations":[{"start":{"line":328,"column":2},"end":{"line":386,"column":3}},{"start":{"line":380,"column":9},"end":{"line":386,"column":3}}],"line":328},"54":{"loc":{"start":{"line":328,"column":6},"end":{"line":328,"column":43}},"type":"binary-expr","locations":[{"start":{"line":328,"column":6},"end":{"line":328,"column":30}},{"start":{"line":328,"column":34},"end":{"line":328,"column":43}}],"line":328},"55":{"loc":{"start":{"line":332,"column":6},"end":{"line":335,"column":7}},"type":"if","locations":[{"start":{"line":332,"column":6},"end":{"line":335,"column":7}},{"start":{},"end":{}}],"line":332},"56":{"loc":{"start":{"line":334,"column":22},"end":{"line":334,"column":56}},"type":"binary-expr","locations":[{"start":{"line":334,"column":22},"end":{"line":334,"column":50}},{"start":{"line":334,"column":54},"end":{"line":334,"column":56}}],"line":334},"57":{"loc":{"start":{"line":340,"column":4},"end":{"line":379,"column":5}},"type":"if","locations":[{"start":{"line":340,"column":4},"end":{"line":379,"column":5}},{"start":{"line":345,"column":11},"end":{"line":379,"column":5}}],"line":340},"58":{"loc":{"start":{"line":342,"column":25},"end":{"line":344,"column":64}},"type":"cond-expr","locations":[{"start":{"line":343,"column":10},"end":{"line":343,"column":129}},{"start":{"line":344,"column":10},"end":{"line":344,"column":64}}],"line":342},"59":{"loc":{"start":{"line":346,"column":75},"end":{"line":346,"column":86}},"type":"binary-expr","locations":[{"start":{"line":346,"column":75},"end":{"line":346,"column":81}},{"start":{"line":346,"column":85},"end":{"line":346,"column":86}}],"line":346},"60":{"loc":{"start":{"line":354,"column":21},"end":{"line":354,"column":34}},"type":"binary-expr","locations":[{"start":{"line":354,"column":21},"end":{"line":354,"column":29}},{"start":{"line":354,"column":33},"end":{"line":354,"column":34}}],"line":354},"61":{"loc":{"start":{"line":355,"column":8},"end":{"line":355,"column":49}},"type":"if","locations":[{"start":{"line":355,"column":8},"end":{"line":355,"column":49}},{"start":{},"end":{}}],"line":355},"62":{"loc":{"start":{"line":356,"column":22},"end":{"line":356,"column":40}},"type":"binary-expr","locations":[{"start":{"line":356,"column":22},"end":{"line":356,"column":34}},{"start":{"line":356,"column":38},"end":{"line":356,"column":40}}],"line":356},"63":{"loc":{"start":{"line":357,"column":8},"end":{"line":357,"column":80}},"type":"if","locations":[{"start":{"line":357,"column":8},"end":{"line":357,"column":80}},{"start":{},"end":{}}],"line":357},"64":{"loc":{"start":{"line":357,"column":12},"end":{"line":357,"column":69}},"type":"binary-expr","locations":[{"start":{"line":357,"column":12},"end":{"line":357,"column":38}},{"start":{"line":357,"column":42},"end":{"line":357,"column":69}}],"line":357},"65":{"loc":{"start":{"line":358,"column":8},"end":{"line":361,"column":9}},"type":"if","locations":[{"start":{"line":358,"column":8},"end":{"line":361,"column":9}},{"start":{},"end":{}}],"line":358},"66":{"loc":{"start":{"line":376,"column":25},"end":{"line":378,"column":65}},"type":"cond-expr","locations":[{"start":{"line":377,"column":10},"end":{"line":377,"column":119}},{"start":{"line":378,"column":10},"end":{"line":378,"column":65}}],"line":376},"67":{"loc":{"start":{"line":382,"column":20},"end":{"line":382,"column":36}},"type":"binary-expr","locations":[{"start":{"line":382,"column":20},"end":{"line":382,"column":30}},{"start":{"line":382,"column":34},"end":{"line":382,"column":36}}],"line":382},"68":{"loc":{"start":{"line":383,"column":23},"end":{"line":385,"column":54}},"type":"cond-expr","locations":[{"start":{"line":384,"column":8},"end":{"line":384,"column":119}},{"start":{"line":385,"column":8},"end":{"line":385,"column":54}}],"line":383},"69":{"loc":{"start":{"line":391,"column":14},"end":{"line":391,"column":40}},"type":"binary-expr","locations":[{"start":{"line":391,"column":14},"end":{"line":391,"column":23}},{"start":{"line":391,"column":27},"end":{"line":391,"column":40}}],"line":391},"70":{"loc":{"start":{"line":393,"column":23},"end":{"line":393,"column":42}},"type":"binary-expr","locations":[{"start":{"line":393,"column":23},"end":{"line":393,"column":36}},{"start":{"line":393,"column":40},"end":{"line":393,"column":42}}],"line":393},"71":{"loc":{"start":{"line":399,"column":2},"end":{"line":406,"column":3}},"type":"if","locations":[{"start":{"line":399,"column":2},"end":{"line":406,"column":3}},{"start":{},"end":{}}],"line":399},"72":{"loc":{"start":{"line":410,"column":2},"end":{"line":414,"column":3}},"type":"if","locations":[{"start":{"line":410,"column":2},"end":{"line":414,"column":3}},{"start":{"line":412,"column":9},"end":{"line":414,"column":3}}],"line":410},"73":{"loc":{"start":{"line":431,"column":32},"end":{"line":431,"column":45}},"type":"binary-expr","locations":[{"start":{"line":431,"column":32},"end":{"line":431,"column":39}},{"start":{"line":431,"column":43},"end":{"line":431,"column":45}}],"line":431},"74":{"loc":{"start":{"line":436,"column":4},"end":{"line":438,"column":5}},"type":"if","locations":[{"start":{"line":436,"column":4},"end":{"line":438,"column":5}},{"start":{},"end":{}}],"line":436},"75":{"loc":{"start":{"line":436,"column":8},"end":{"line":436,"column":38}},"type":"binary-expr","locations":[{"start":{"line":436,"column":8},"end":{"line":436,"column":16}},{"start":{"line":436,"column":20},"end":{"line":436,"column":38}}],"line":436},"76":{"loc":{"start":{"line":449,"column":25},"end":{"line":449,"column":38}},"type":"binary-expr","locations":[{"start":{"line":449,"column":25},"end":{"line":449,"column":32}},{"start":{"line":449,"column":36},"end":{"line":449,"column":38}}],"line":449},"77":{"loc":{"start":{"line":473,"column":2},"end":{"line":475,"column":3}},"type":"if","locations":[{"start":{"line":473,"column":2},"end":{"line":475,"column":3}},{"start":{},"end":{}}],"line":473},"78":{"loc":{"start":{"line":481,"column":28},"end":{"line":481,"column":74}},"type":"binary-expr","locations":[{"start":{"line":481,"column":28},"end":{"line":481,"column":68}},{"start":{"line":481,"column":72},"end":{"line":481,"column":74}}],"line":481},"79":{"loc":{"start":{"line":502,"column":4},"end":{"line":504,"column":5}},"type":"if","locations":[{"start":{"line":502,"column":4},"end":{"line":504,"column":5}},{"start":{},"end":{}}],"line":502},"80":{"loc":{"start":{"line":502,"column":8},"end":{"line":502,"column":23}},"type":"binary-expr","locations":[{"start":{"line":502,"column":8},"end":{"line":502,"column":11}},{"start":{"line":502,"column":15},"end":{"line":502,"column":23}}],"line":502},"81":{"loc":{"start":{"line":506,"column":29},"end":{"line":506,"column":78}},"type":"binary-expr","locations":[{"start":{"line":506,"column":29},"end":{"line":506,"column":72}},{"start":{"line":506,"column":76},"end":{"line":506,"column":78}}],"line":506},"82":{"loc":{"start":{"line":509,"column":15},"end":{"line":509,"column":29}},"type":"binary-expr","locations":[{"start":{"line":509,"column":15},"end":{"line":509,"column":23}},{"start":{"line":509,"column":27},"end":{"line":509,"column":29}}],"line":509},"83":{"loc":{"start":{"line":511,"column":4},"end":{"line":511,"column":63}},"type":"if","locations":[{"start":{"line":511,"column":4},"end":{"line":511,"column":63}},{"start":{},"end":{}}],"line":511},"84":{"loc":{"start":{"line":512,"column":4},"end":{"line":512,"column":69}},"type":"if","locations":[{"start":{"line":512,"column":4},"end":{"line":512,"column":69}},{"start":{},"end":{}}],"line":512},"85":{"loc":{"start":{"line":513,"column":4},"end":{"line":513,"column":60}},"type":"if","locations":[{"start":{"line":513,"column":4},"end":{"line":513,"column":60}},{"start":{},"end":{}}],"line":513},"86":{"loc":{"start":{"line":514,"column":4},"end":{"line":514,"column":69}},"type":"if","locations":[{"start":{"line":514,"column":4},"end":{"line":514,"column":69}},{"start":{},"end":{}}],"line":514},"87":{"loc":{"start":{"line":515,"column":4},"end":{"line":515,"column":87}},"type":"if","locations":[{"start":{"line":515,"column":4},"end":{"line":515,"column":87}},{"start":{},"end":{}}],"line":515},"88":{"loc":{"start":{"line":516,"column":4},"end":{"line":516,"column":81}},"type":"if","locations":[{"start":{"line":516,"column":4},"end":{"line":516,"column":81}},{"start":{},"end":{}}],"line":516},"89":{"loc":{"start":{"line":517,"column":4},"end":{"line":517,"column":54}},"type":"if","locations":[{"start":{"line":517,"column":4},"end":{"line":517,"column":54}},{"start":{},"end":{}}],"line":517},"90":{"loc":{"start":{"line":520,"column":4},"end":{"line":525,"column":5}},"type":"if","locations":[{"start":{"line":520,"column":4},"end":{"line":525,"column":5}},{"start":{},"end":{}}],"line":520},"91":{"loc":{"start":{"line":520,"column":8},"end":{"line":520,"column":83}},"type":"binary-expr","locations":[{"start":{"line":520,"column":8},"end":{"line":520,"column":25}},{"start":{"line":520,"column":29},"end":{"line":520,"column":54}},{"start":{"line":520,"column":58},"end":{"line":520,"column":83}}],"line":520},"92":{"loc":{"start":{"line":522,"column":8},"end":{"line":523,"column":81}},"type":"binary-expr","locations":[{"start":{"line":522,"column":8},"end":{"line":522,"column":62}},{"start":{"line":523,"column":11},"end":{"line":523,"column":81}}],"line":522},"93":{"loc":{"start":{"line":527,"column":4},"end":{"line":549,"column":5}},"type":"if","locations":[{"start":{"line":527,"column":4},"end":{"line":549,"column":5}},{"start":{"line":539,"column":11},"end":{"line":549,"column":5}}],"line":527},"94":{"loc":{"start":{"line":531,"column":14},"end":{"line":531,"column":49}},"type":"binary-expr","locations":[{"start":{"line":531,"column":14},"end":{"line":531,"column":18}},{"start":{"line":531,"column":22},"end":{"line":531,"column":49}}],"line":531},"95":{"loc":{"start":{"line":533,"column":17},"end":{"line":533,"column":29}},"type":"binary-expr","locations":[{"start":{"line":533,"column":17},"end":{"line":533,"column":23}},{"start":{"line":533,"column":27},"end":{"line":533,"column":29}}],"line":533},"96":{"loc":{"start":{"line":534,"column":18},"end":{"line":536,"column":43}},"type":"cond-expr","locations":[{"start":{"line":535,"column":12},"end":{"line":535,"column":24}},{"start":{"line":536,"column":12},"end":{"line":536,"column":43}}],"line":534},"97":{"loc":{"start":{"line":542,"column":14},"end":{"line":542,"column":33}},"type":"binary-expr","locations":[{"start":{"line":542,"column":14},"end":{"line":542,"column":18}},{"start":{"line":542,"column":22},"end":{"line":542,"column":33}}],"line":542},"98":{"loc":{"start":{"line":544,"column":17},"end":{"line":544,"column":29}},"type":"binary-expr","locations":[{"start":{"line":544,"column":17},"end":{"line":544,"column":23}},{"start":{"line":544,"column":27},"end":{"line":544,"column":29}}],"line":544},"99":{"loc":{"start":{"line":545,"column":18},"end":{"line":545,"column":81}},"type":"cond-expr","locations":[{"start":{"line":545,"column":57},"end":{"line":545,"column":69}},{"start":{"line":545,"column":72},"end":{"line":545,"column":81}}],"line":545},"100":{"loc":{"start":{"line":562,"column":29},"end":{"line":562,"column":78}},"type":"binary-expr","locations":[{"start":{"line":562,"column":29},"end":{"line":562,"column":72}},{"start":{"line":562,"column":76},"end":{"line":562,"column":78}}],"line":562},"101":{"loc":{"start":{"line":575,"column":29},"end":{"line":575,"column":78}},"type":"binary-expr","locations":[{"start":{"line":575,"column":29},"end":{"line":575,"column":72}},{"start":{"line":575,"column":76},"end":{"line":575,"column":78}}],"line":575},"102":{"loc":{"start":{"line":577,"column":4},"end":{"line":579,"column":5}},"type":"if","locations":[{"start":{"line":577,"column":4},"end":{"line":579,"column":5}},{"start":{},"end":{}}],"line":577},"103":{"loc":{"start":{"line":580,"column":33},"end":{"line":580,"column":112}},"type":"cond-expr","locations":[{"start":{"line":580,"column":47},"end":{"line":580,"column":108}},{"start":{"line":580,"column":111},"end":{"line":580,"column":112}}],"line":580},"104":{"loc":{"start":{"line":592,"column":29},"end":{"line":592,"column":78}},"type":"binary-expr","locations":[{"start":{"line":592,"column":29},"end":{"line":592,"column":72}},{"start":{"line":592,"column":76},"end":{"line":592,"column":78}}],"line":592},"105":{"loc":{"start":{"line":594,"column":4},"end":{"line":596,"column":5}},"type":"if","locations":[{"start":{"line":594,"column":4},"end":{"line":596,"column":5}},{"start":{},"end":{}}],"line":594},"106":{"loc":{"start":{"line":597,"column":33},"end":{"line":597,"column":113}},"type":"cond-expr","locations":[{"start":{"line":597,"column":47},"end":{"line":597,"column":109}},{"start":{"line":597,"column":112},"end":{"line":597,"column":113}}],"line":597},"107":{"loc":{"start":{"line":609,"column":4},"end":{"line":611,"column":5}},"type":"if","locations":[{"start":{"line":609,"column":4},"end":{"line":611,"column":5}},{"start":{},"end":{}}],"line":609},"108":{"loc":{"start":{"line":609,"column":8},"end":{"line":609,"column":20}},"type":"binary-expr","locations":[{"start":{"line":609,"column":8},"end":{"line":609,"column":11}},{"start":{"line":609,"column":15},"end":{"line":609,"column":20}}],"line":609},"109":{"loc":{"start":{"line":613,"column":29},"end":{"line":613,"column":78}},"type":"binary-expr","locations":[{"start":{"line":613,"column":29},"end":{"line":613,"column":72}},{"start":{"line":613,"column":76},"end":{"line":613,"column":78}}],"line":613},"110":{"loc":{"start":{"line":616,"column":15},"end":{"line":616,"column":29}},"type":"binary-expr","locations":[{"start":{"line":616,"column":15},"end":{"line":616,"column":23}},{"start":{"line":616,"column":27},"end":{"line":616,"column":29}}],"line":616},"111":{"loc":{"start":{"line":618,"column":4},"end":{"line":618,"column":63}},"type":"if","locations":[{"start":{"line":618,"column":4},"end":{"line":618,"column":63}},{"start":{},"end":{}}],"line":618},"112":{"loc":{"start":{"line":619,"column":4},"end":{"line":619,"column":69}},"type":"if","locations":[{"start":{"line":619,"column":4},"end":{"line":619,"column":69}},{"start":{},"end":{}}],"line":619},"113":{"loc":{"start":{"line":620,"column":4},"end":{"line":620,"column":60}},"type":"if","locations":[{"start":{"line":620,"column":4},"end":{"line":620,"column":60}},{"start":{},"end":{}}],"line":620},"114":{"loc":{"start":{"line":621,"column":4},"end":{"line":621,"column":69}},"type":"if","locations":[{"start":{"line":621,"column":4},"end":{"line":621,"column":69}},{"start":{},"end":{}}],"line":621},"115":{"loc":{"start":{"line":622,"column":4},"end":{"line":622,"column":87}},"type":"if","locations":[{"start":{"line":622,"column":4},"end":{"line":622,"column":87}},{"start":{},"end":{}}],"line":622},"116":{"loc":{"start":{"line":623,"column":4},"end":{"line":623,"column":81}},"type":"if","locations":[{"start":{"line":623,"column":4},"end":{"line":623,"column":81}},{"start":{},"end":{}}],"line":623},"117":{"loc":{"start":{"line":624,"column":4},"end":{"line":624,"column":54}},"type":"if","locations":[{"start":{"line":624,"column":4},"end":{"line":624,"column":54}},{"start":{},"end":{}}],"line":624},"118":{"loc":{"start":{"line":627,"column":4},"end":{"line":632,"column":5}},"type":"if","locations":[{"start":{"line":627,"column":4},"end":{"line":632,"column":5}},{"start":{},"end":{}}],"line":627},"119":{"loc":{"start":{"line":627,"column":8},"end":{"line":627,"column":83}},"type":"binary-expr","locations":[{"start":{"line":627,"column":8},"end":{"line":627,"column":25}},{"start":{"line":627,"column":29},"end":{"line":627,"column":54}},{"start":{"line":627,"column":58},"end":{"line":627,"column":83}}],"line":627},"120":{"loc":{"start":{"line":629,"column":8},"end":{"line":630,"column":81}},"type":"binary-expr","locations":[{"start":{"line":629,"column":8},"end":{"line":629,"column":62}},{"start":{"line":630,"column":11},"end":{"line":630,"column":81}}],"line":629},"121":{"loc":{"start":{"line":634,"column":4},"end":{"line":658,"column":5}},"type":"if","locations":[{"start":{"line":634,"column":4},"end":{"line":658,"column":5}},{"start":{"line":646,"column":11},"end":{"line":658,"column":5}}],"line":634},"122":{"loc":{"start":{"line":638,"column":14},"end":{"line":638,"column":49}},"type":"binary-expr","locations":[{"start":{"line":638,"column":14},"end":{"line":638,"column":18}},{"start":{"line":638,"column":22},"end":{"line":638,"column":49}}],"line":638},"123":{"loc":{"start":{"line":640,"column":26},"end":{"line":640,"column":47}},"type":"binary-expr","locations":[{"start":{"line":640,"column":26},"end":{"line":640,"column":41}},{"start":{"line":640,"column":45},"end":{"line":640,"column":47}}],"line":640},"124":{"loc":{"start":{"line":641,"column":23},"end":{"line":641,"column":41}},"type":"binary-expr","locations":[{"start":{"line":641,"column":23},"end":{"line":641,"column":35}},{"start":{"line":641,"column":39},"end":{"line":641,"column":41}}],"line":641},"125":{"loc":{"start":{"line":642,"column":15},"end":{"line":642,"column":25}},"type":"binary-expr","locations":[{"start":{"line":642,"column":15},"end":{"line":642,"column":19}},{"start":{"line":642,"column":23},"end":{"line":642,"column":25}}],"line":642},"126":{"loc":{"start":{"line":643,"column":18},"end":{"line":643,"column":103}},"type":"cond-expr","locations":[{"start":{"line":643,"column":57},"end":{"line":643,"column":69}},{"start":{"line":643,"column":72},"end":{"line":643,"column":103}}],"line":643},"127":{"loc":{"start":{"line":649,"column":14},"end":{"line":649,"column":45}},"type":"binary-expr","locations":[{"start":{"line":649,"column":14},"end":{"line":649,"column":18}},{"start":{"line":649,"column":22},"end":{"line":649,"column":45}}],"line":649},"128":{"loc":{"start":{"line":651,"column":26},"end":{"line":651,"column":47}},"type":"binary-expr","locations":[{"start":{"line":651,"column":26},"end":{"line":651,"column":41}},{"start":{"line":651,"column":45},"end":{"line":651,"column":47}}],"line":651},"129":{"loc":{"start":{"line":652,"column":23},"end":{"line":652,"column":41}},"type":"binary-expr","locations":[{"start":{"line":652,"column":23},"end":{"line":652,"column":35}},{"start":{"line":652,"column":39},"end":{"line":652,"column":41}}],"line":652},"130":{"loc":{"start":{"line":653,"column":15},"end":{"line":653,"column":25}},"type":"binary-expr","locations":[{"start":{"line":653,"column":15},"end":{"line":653,"column":19}},{"start":{"line":653,"column":23},"end":{"line":653,"column":25}}],"line":653},"131":{"loc":{"start":{"line":654,"column":18},"end":{"line":654,"column":81}},"type":"cond-expr","locations":[{"start":{"line":654,"column":57},"end":{"line":654,"column":69}},{"start":{"line":654,"column":72},"end":{"line":654,"column":81}}],"line":654},"132":{"loc":{"start":{"line":671,"column":29},"end":{"line":671,"column":78}},"type":"binary-expr","locations":[{"start":{"line":671,"column":29},"end":{"line":671,"column":72}},{"start":{"line":671,"column":76},"end":{"line":671,"column":78}}],"line":671},"133":{"loc":{"start":{"line":684,"column":29},"end":{"line":684,"column":78}},"type":"binary-expr","locations":[{"start":{"line":684,"column":29},"end":{"line":684,"column":72}},{"start":{"line":684,"column":76},"end":{"line":684,"column":78}}],"line":684},"134":{"loc":{"start":{"line":686,"column":4},"end":{"line":688,"column":5}},"type":"if","locations":[{"start":{"line":686,"column":4},"end":{"line":688,"column":5}},{"start":{},"end":{}}],"line":686},"135":{"loc":{"start":{"line":689,"column":33},"end":{"line":689,"column":112}},"type":"cond-expr","locations":[{"start":{"line":689,"column":47},"end":{"line":689,"column":108}},{"start":{"line":689,"column":111},"end":{"line":689,"column":112}}],"line":689},"136":{"loc":{"start":{"line":701,"column":29},"end":{"line":701,"column":78}},"type":"binary-expr","locations":[{"start":{"line":701,"column":29},"end":{"line":701,"column":72}},{"start":{"line":701,"column":76},"end":{"line":701,"column":78}}],"line":701},"137":{"loc":{"start":{"line":703,"column":4},"end":{"line":705,"column":5}},"type":"if","locations":[{"start":{"line":703,"column":4},"end":{"line":705,"column":5}},{"start":{},"end":{}}],"line":703},"138":{"loc":{"start":{"line":706,"column":33},"end":{"line":706,"column":113}},"type":"cond-expr","locations":[{"start":{"line":706,"column":47},"end":{"line":706,"column":109}},{"start":{"line":706,"column":112},"end":{"line":706,"column":113}}],"line":706},"139":{"loc":{"start":{"line":718,"column":31},"end":{"line":718,"column":80}},"type":"binary-expr","locations":[{"start":{"line":718,"column":31},"end":{"line":718,"column":74}},{"start":{"line":718,"column":78},"end":{"line":718,"column":80}}],"line":718},"140":{"loc":{"start":{"line":720,"column":4},"end":{"line":722,"column":5}},"type":"if","locations":[{"start":{"line":720,"column":4},"end":{"line":722,"column":5}},{"start":{},"end":{}}],"line":720},"141":{"loc":{"start":{"line":732,"column":31},"end":{"line":732,"column":80}},"type":"binary-expr","locations":[{"start":{"line":732,"column":31},"end":{"line":732,"column":74}},{"start":{"line":732,"column":78},"end":{"line":732,"column":80}}],"line":732},"142":{"loc":{"start":{"line":733,"column":4},"end":{"line":735,"column":5}},"type":"if","locations":[{"start":{"line":733,"column":4},"end":{"line":735,"column":5}},{"start":{},"end":{}}],"line":733},"143":{"loc":{"start":{"line":743,"column":17},"end":{"line":743,"column":38}},"type":"binary-expr","locations":[{"start":{"line":743,"column":17},"end":{"line":743,"column":32}},{"start":{"line":743,"column":36},"end":{"line":743,"column":38}}],"line":743},"144":{"loc":{"start":{"line":746,"column":6},"end":{"line":749,"column":7}},"type":"if","locations":[{"start":{"line":746,"column":6},"end":{"line":749,"column":7}},{"start":{},"end":{}}],"line":746},"145":{"loc":{"start":{"line":746,"column":10},"end":{"line":746,"column":46}},"type":"binary-expr","locations":[{"start":{"line":746,"column":10},"end":{"line":746,"column":26}},{"start":{"line":746,"column":30},"end":{"line":746,"column":46}}],"line":746},"146":{"loc":{"start":{"line":752,"column":6},"end":{"line":755,"column":7}},"type":"if","locations":[{"start":{"line":752,"column":6},"end":{"line":755,"column":7}},{"start":{},"end":{}}],"line":752},"147":{"loc":{"start":{"line":757,"column":6},"end":{"line":761,"column":7}},"type":"if","locations":[{"start":{"line":757,"column":6},"end":{"line":761,"column":7}},{"start":{},"end":{}}],"line":757},"148":{"loc":{"start":{"line":757,"column":10},"end":{"line":757,"column":49}},"type":"binary-expr","locations":[{"start":{"line":757,"column":10},"end":{"line":757,"column":22}},{"start":{"line":757,"column":26},"end":{"line":757,"column":49}}],"line":757},"149":{"loc":{"start":{"line":764,"column":6},"end":{"line":778,"column":7}},"type":"if","locations":[{"start":{"line":764,"column":6},"end":{"line":778,"column":7}},{"start":{"line":766,"column":13},"end":{"line":778,"column":7}}],"line":764},"150":{"loc":{"start":{"line":767,"column"
[...]
start":{},"end":{}}],"line":9},"1":{"loc":{"start":{"line":9,"column":6},"end":{"line":9,"column":14}},"type":"binary-expr","locations":[{"start":{"line":9,"column":6},"end":{"line":9,"column":8}},{"start":{"line":9,"column":12},"end":{"line":9,"column":14}}],"line":9},"2":{"loc":{"start":{"line":15,"column":2},"end":{"line":15,"column":36}},"type":"if","locations":[{"start":{"line":15,"column":2},"end":{"line":15,"column":36}},{"start":{},"end":{}}],"line":15},"3":{"loc":{"start":{"line":25,"column":4},"end":{"line":25,"column":43}},"type":"if","locations":[{"start":{"line":25,"column":4},"end":{"line":25,"column":43}},{"start":{},"end":{}}],"line":25},"4":{"loc":{"start":{"line":34,"column":43},"end":{"line":34,"column":55}},"type":"default-arg","locations":[{"start":{"line":34,"column":53},"end":{"line":34,"column":55}}],"line":34},"5":{"loc":{"start":{"line":35,"column":2},"end":{"line":35,"column":65}},"type":"if","locations":[{"start":{"line":35,"column":2},"end":{"line":35,"column":65}},{"start":{},"end":{}}],"line":35},"6":{"loc":{"start":{"line":35,"column":6},"end":{"line":35,"column":53}},"type":"binary-expr","locations":[{"start":{"line":35,"column":6},"end":{"line":35,"column":18}},{"start":{"line":35,"column":22},"end":{"line":35,"column":53}}],"line":35},"7":{"loc":{"start":{"line":44,"column":11},"end":{"line":44,"column":32}},"type":"binary-expr","locations":[{"start":{"line":44,"column":11},"end":{"line":44,"column":26}},{"start":{"line":44,"column":30},"end":{"line":44,"column":32}}],"line":44},"8":{"loc":{"start":{"line":51,"column":6},"end":{"line":54,"column":7}},"type":"if","locations":[{"start":{"line":51,"column":6},"end":{"line":54,"column":7}},{"start":{},"end":{}}],"line":51},"9":{"loc":{"start":{"line":58,"column":4},"end":{"line":60,"column":5}},"type":"if","locations":[{"start":{"line":58,"column":4},"end":{"line":60,"column":5}},{"start":{},"end":{}}],"line":58},"10":{"loc":{"start":{"line":62,"column":4},"end":{"line":72,"column":5}},"type":"if","locations":[{"start":{"line":62,"column":4},"end":{"line":72,"column":5}},{"start":{},"end":{}}],"line":62},"11":{"loc":{"start":{"line":69,"column":18},"end":{"line":69,"column":39}},"type":"binary-expr","locations":[{"start":{"line":69,"column":18},"end":{"line":69,"column":33}},{"start":{"line":69,"column":37},"end":{"line":69,"column":39}}],"line":69},"12":{"loc":{"start":{"line":82,"column":2},"end":{"line":82,"column":63}},"type":"if","locations":[{"start":{"line":82,"column":2},"end":{"line":82,"column":63}},{"start":{},"end":{}}],"line":82},"13":{"loc":{"start":{"line":82,"column":6},"end":{"line":82,"column":49}},"type":"binary-expr","locations":[{"start":{"line":82,"column":6},"end":{"line":82,"column":16}},{"start":{"line":82,"column":20},"end":{"line":82,"column":49}}],"line":82},"14":{"loc":{"start":{"line":89,"column":2},"end":{"line":91,"column":3}},"type":"if","locations":[{"start":{"line":89,"column":2},"end":{"line":91,"column":3}},{"start":{},"end":{}}],"line":89},"15":{"loc":{"start":{"line":94,"column":2},"end":{"line":101,"column":3}},"type":"if","locations":[{"start":{"line":94,"column":2},"end":{"line":101,"column":3}},{"start":{},"end":{}}],"line":94},"16":{"loc":{"start":{"line":96,"column":4},"end":{"line":100,"column":5}},"type":"if","locations":[{"start":{"line":96,"column":4},"end":{"line":100,"column":5}},{"start":{"line":98,"column":11},"end":{"line":100,"column":5}}],"line":96},"17":{"loc":{"start":{"line":98,"column":11},"end":{"line":100,"column":5}},"type":"if","locations":[{"start":{"line":98,"column":11},"end":{"line":100,"column":5}},{"start":{},"end":{}}],"line":98},"18":{"loc":{"start":{"line":106,"column":4},"end":{"line":109,"column":5}},"type":"if","locations":[{"start":{"line":106,"column":4},"end":{"line":109,"column":5}},{"start":{},"end":{}}],"line":106},"19":{"loc":{"start":{"line":115,"column":4},"end":{"line":118,"column":5}},"type":"if","locations":[{"start":{"line":115,"column":4},"end":{"line":118,"column":5}},{"start":{},"end":{}}],"line":115},"20":{"loc":{"start":{"line":122,"column":2},"end":{"line":129,"column":3}},"type":"if","locations":[{"start":{"line":122,"column":2},"end":{"line":129,"column":3}},{"start":{},"end":{}}],"line":122},"21":{"loc":{"start":{"line":124,"column":4},"end":{"line":128,"column":5}},"type":"if","locations":[{"start":{"line":124,"column":4},"end":{"line":128,"column":5}},{"start":{"line":126,"column":11},"end":{"line":128,"column":5}}],"line":124},"22":{"loc":{"start":{"line":126,"column":11},"end":{"line":128,"column":5}},"type":"if","locations":[{"start":{"line":126,"column":11},"end":{"line":128,"column":5}},{"start":{},"end":{}}],"line":126},"23":{"loc":{"start":{"line":126,"column":15},"end":{"line":126,"column":69}},"type":"binary-expr","locations":[{"start":{"line":126,"column":15},"end":{"line":126,"column":40}},{"start":{"line":126,"column":44},"end":{"line":126,"column":69}}],"line":126},"24":{"loc":{"start":{"line":140,"column":4},"end":{"line":143,"column":5}},"type":"if","locations":[{"start":{"line":140,"column":4},"end":{"line":143,"column":5}},{"start":{},"end":{}}],"line":140},"25":{"loc":{"start":{"line":147,"column":2},"end":{"line":153,"column":3}},"type":"if","locations":[{"start":{"line":147,"column":2},"end":{"line":153,"column":3}},{"start":{},"end":{}}],"line":147}},"s":{"0":0,"1":0,"2":0,"3":0,"4":0,"5":0,"6":0,"7":0,"8":0,"9":0,"10":0,"11":0,"12":0,"13":0,"14":0,"15":0,"16":0,"17":0,"18":0,"19":0,"20":0,"21":0,"22":0,"23":0,"24":0,"25":0,"26":0,"27":0,"28":0,"29":0,"30":0,"31":0,"32":0,"33":0,"34":0,"35":0,"36":0,"37":0,"38":0,"39":0,"40":0,"41":0,"42":0,"43":0,"44":0,"45":0,"46":0,"47":0,"48":0,"49":0,"50":0,"51":0,"52":0,"53":0,"54":0,"55":0,"56":0,"57":0,"58":0,"59":0,"60":0,"61":0,"62":0,"63":0,"64":0,"65":0,"66":0,"67":0,"68":0,"69":0,"70":0,"71":0,"72":0},"f":{"0":0,"1":0,"2":0,"3":0,"4":0},"b":{"0":[0,0],"1":[0,0],"2":[0,0],"3":[0,0],"4":[0],"5":[0,0],"6":[0,0],"7":[0,0],"8":[0,0],"9":[0,0],"10":[0,0],"11":[0,0],"12":[0,0],"13":[0,0],"14":[0,0],"15":[0,0],"16":[0,0],"17":[0,0],"18":[0,0],"19":[0,0],"20":[0,0],"21":[0,0],"22":[0,0],"23":[0,0],"24":[0,0],"25":[0,0]}}
,"/Users/mihaiperdum/Projects/CogniRunner/src/integration/prompts/index.js": {"path":"/Users/mihaiperdum/Projects/CogniRunner/src/integration/prompts/index.js","statementMap":{"0":{"start":{"line":30,"column":28},"end":{"line":46,"column":1}},"1":{"start":{"line":74,"column":4},"end":{"line":74,"column":63}},"2":{"start":{"line":74,"column":53},"end":{"line":74,"column":63}},"3":{"start":{"line":76,"column":23},"end":{"line":76,"column":53}},"4":{"start":{"line":77,"column":20},"end":{"line":77,"column":22}},"5":{"start":{"line":79,"column":4},"end":{"line":115,"column":5}},"6":{"start":{"line":80,"column":28},"end":{"line":80,"column":29}},"7":{"start":{"line":81,"column":28},"end":{"line":81,"column":30}},"8":{"start":{"line":83,"column":6},"end":{"line":93,"column":7}},"9":{"start":{"line":84,"column":22},"end":{"line":84,"column":62}},"10":{"start":{"line":85,"column":8},"end":{"line":88,"column":9}},"11":{"start":{"line":86,"column":10},"end":{"line":86,"column":34}},"12":{"start":{"line":87,"column":10},"end":{"line":87,"column":58}},"13":{"start":{"line":87,"column":28},"end":{"line":87,"column":58}},"14":{"start":{"line":90,"column":8},"end":{"line":92,"column":9}},"15":{"start":{"line":91,"column":10},"end":{"line":91,"column":98}},"16":{"start":{"line":95,"column":26},"end":{"line":95,"column":27}},"17":{"start":{"line":96,"column":27},"end":{"line":96,"column":110}},"18":{"start":{"line":97,"column":6},"end":{"line":99,"column":7}},"19":{"start":{"line":98,"column":8},"end":{"line":98,"column":28}},"20":{"start":{"line":101,"column":25},"end":{"line":101,"column":71}},"21":{"start":{"line":103,"column":6},"end":{"line":114,"column":7}},"22":{"start":{"line":104,"column":8},"end":{"line":113,"column":11}},"23":{"start":{"line":117,"column":4},"end":{"line":117,"column":53}},"24":{"start":{"line":117,"column":34},"end":{"line":117,"column":51}},"25":{"start":{"line":121,"column":4},"end":{"line":121,"column":37}},"26":{"start":{"line":125,"column":4},"end":{"line":125,"column":69}},"27":{"start":{"line":125,"column":55},"end":{"line":125,"column":65}},"28":{"start":{"line":129,"column":4},"end":{"line":129,"column":71}},"29":{"start":{"line":129,"column":46},"end":{"line":129,"column":69}},"30":{"start":{"line":133,"column":4},"end":{"line":138,"column":5}},"31":{"start":{"line":134,"column":6},"end":{"line":134,"column":43}},"32":{"start":{"line":135,"column":6},"end":{"line":135,"column":79}},"33":{"start":{"line":137,"column":6},"end":{"line":137,"column":55}},"34":{"start":{"line":142,"column":4},"end":{"line":154,"column":5}},"35":{"start":{"line":143,"column":21},"end":{"line":143,"column":43}},"36":{"start":{"line":144,"column":6},"end":{"line":147,"column":7}},"37":{"start":{"line":145,"column":8},"end":{"line":145,"column":77}},"38":{"start":{"line":146,"column":8},"end":{"line":146,"column":22}},"39":{"start":{"line":149,"column":6},"end":{"line":149,"column":30}},"40":{"start":{"line":150,"column":6},"end":{"line":150,"column":26}},"41":{"start":{"line":152,"column":6},"end":{"line":152,"column":70}},"42":{"start":{"line":153,"column":6},"end":{"line":153,"column":26}}},"fnMap":{"0":{"name":"(anonymous_0)","decl":{"start":{"line":73,"column":15},"end":{"line":73,"column":16}},"loc":{"start":{"line":73,"column":54},"end":{"line":118,"column":3}},"line":73},"1":{"name":"(anonymous_1)","decl":{"start":{"line":117,"column":24},"end":{"line":117,"column":25}},"loc":{"start":{"line":117,"column":34},"end":{"line":117,"column":51}},"line":117},"2":{"name":"(anonymous_2)","decl":{"start":{"line":120,"column":17},"end":{"line":120,"column":18}},"loc":{"start":{"line":120,"column":55},"end":{"line":122,"column":3}},"line":120},"3":{"name":"(anonymous_3)","decl":{"start":{"line":124,"column":20},"end":{"line":124,"column":21}},"loc":{"start":{"line":124,"column":48},"end":{"line":126,"column":3}},"line":124},"4":{"name":"(anonymous_4)","decl":{"start":{"line":125,"column":50},"end":{"line":125,"column":51}},"loc":{"start":{"line":125,"column":55},"end":{"line":125,"column":65}},"line":125},"5":{"name":"(anonymous_5)","decl":{"start":{"line":128,"column":24},"end":{"line":128,"column":25}},"loc":{"start":{"line":128,"column":62},"end":{"line":130,"column":3}},"line":128},"6":{"name":"(anonymous_6)","decl":{"start":{"line":129,"column":41},"end":{"line":129,"column":42}},"loc":{"start":{"line":129,"column":46},"end":{"line":129,"column":69}},"line":129},"7":{"name":"(anonymous_7)","decl":{"start":{"line":132,"column":16},"end":{"line":132,"column":17}},"loc":{"start":{"line":132,"column":48},"end":{"line":139,"column":3}},"line":132},"8":{"name":"(anonymous_8)","decl":{"start":{"line":141,"column":15},"end":{"line":141,"column":16}},"loc":{"start":{"line":141,"column":47},"end":{"line":155,"column":3}},"line":141}},"branchMap":{"0":{"loc":{"start":{"line":73,"column":27},"end":{"line":73,"column":49}},"type":"default-arg","locations":[{"start":{"line":73,"column":37},"end":{"line":73,"column":49}}],"line":73},"1":{"loc":{"start":{"line":74,"column":4},"end":{"line":74,"column":63}},"type":"if","locations":[{"start":{"line":74,"column":4},"end":{"line":74,"column":63}},{"start":{},"end":{}}],"line":74},"2":{"loc":{"start":{"line":74,"column":8},"end":{"line":74,"column":51}},"type":"binary-expr","locations":[{"start":{"line":74,"column":8},"end":{"line":74,"column":18}},{"start":{"line":74,"column":22},"end":{"line":74,"column":51}}],"line":74},"3":{"loc":{"start":{"line":83,"column":28},"end":{"line":83,"column":49}},"type":"binary-expr","locations":[{"start":{"line":83,"column":28},"end":{"line":83,"column":43}},{"start":{"line":83,"column":47},"end":{"line":83,"column":49}}],"line":83},"4":{"loc":{"start":{"line":85,"column":8},"end":{"line":88,"column":9}},"type":"if","locations":[{"start":{"line":85,"column":8},"end":{"line":88,"column":9}},{"start":{},"end":{}}],"line":85},"5":{"loc":{"start":{"line":87,"column":10},"end":{"line":87,"column":58}},"type":"if","locations":[{"start":{"line":87,"column":10},"end":{"line":87,"column":58}},{"start":{},"end":{}}],"line":87},"6":{"loc":{"start":{"line":90,"column":8},"end":{"line":92,"column":9}},"type":"if","locations":[{"start":{"line":90,"column":8},"end":{"line":92,"column":9}},{"start":{},"end":{}}],"line":90},"7":{"loc":{"start":{"line":97,"column":6},"end":{"line":99,"column":7}},"type":"if","locations":[{"start":{"line":97,"column":6},"end":{"line":99,"column":7}},{"start":{},"end":{}}],"line":97},"8":{"loc":{"start":{"line":103,"column":6},"end":{"line":114,"column":7}},"type":"if","locations":[{"start":{"line":103,"column":6},"end":{"line":114,"column":7}},{"start":{},"end":{}}],"line":103},"9":{"loc":{"start":{"line":112,"column":22},"end":{"line":112,"column":45}},"type":"binary-expr","locations":[{"start":{"line":112,"column":22},"end":{"line":112,"column":39}},{"start":{"line":112,"column":43},"end":{"line":112,"column":45}}],"line":112},"10":{"loc":{"start":{"line":120,"column":28},"end":{"line":120,"column":50}},"type":"default-arg","locations":[{"start":{"line":120,"column":38},"end":{"line":120,"column":50}}],"line":120},"11":{"loc":{"start":{"line":121,"column":11},"end":{"line":121,"column":36}},"type":"binary-expr","locations":[{"start":{"line":121,"column":11},"end":{"line":121,"column":28}},{"start":{"line":121,"column":32},"end":{"line":121,"column":36}}],"line":121},"12":{"loc":{"start":{"line":124,"column":21},"end":{"line":124,"column":43}},"type":"default-arg","locations":[{"start":{"line":124,"column":31},"end":{"line":124,"column":43}}],"line":124},"13":{"loc":{"start":{"line":128,"column":35},"end":{"line":128,"column":57}},"type":"default-arg","locations":[{"start":{"line":128,"column":45},"end":{"line":128,"column":57}}],"line":128},"14":{"loc":{"start":{"line":132,"column":23},"end":{"line":132,"column":43}},"type":"default-arg","locations":[{"start":{"line":132,"column":29},"end":{"line":132,"column":43}}],"line":132},"15":{"loc":{"start":{"line":141,"column":22},"end":{"line":141,"column":42}},"type":"default-arg","locations":[{"start":{"line":141,"column":28},"end":{"line":141,"column":42}}],"line":141},"16":{"loc":{"start":{"line":144,"column":6},"end":{"line":147,"column":7}},"type":"if","locations":[{"start":{"line":144,"column":6},"end":{"line":147,"column":7}},{"start":{},"end":{}}],"line":144}},"s":{"0":0,"1":0,"2":0,"3":0,"4":0,"5":0,"6":0,"7":0,"8":0,"9":0,"10":0,"11":0,"12":0,"13":0,"14":0,"15":0,"16":0,"17":0,"18":0,"19":0,"20":0,"21":0,"22":0,"23":0,"24":0,"25":0,"26":0,"27":0,"28":0,"29":0,"30":0,"31":0,"32":0,"33":0,"34":0,"35":0,"36":0,"37":0,"38":0,"39":0,"40":0,"41":0,"42":0},"f":{"0":0,"1":0,"2":0,"3":0,"4":0,"5":0,"6":0,"7":0,"8":0},"b":{"0":[0],"1":[0,0],"2":[0,0],"3":[0,0],"4":[0,0],"5":[0,0],"6":[0,0],"7":[0,0],"8":[0,0],"9":[0,0],"10":[0],"11":[0,0],"12":[0],"13":[0],"14":[0],"15":[0],"16":[0,0]}}
,"/Users/mihaiperdum/Projects/CogniRunner/src/integration/prompts/categories/attachments-versions.js": {"path":"/Users/mihaiperdum/Projects/CogniRunner/src/integration/prompts/categories/attachments-versions.js","statementMap":{"0":{"start":{"line":8,"column":35},"end":{"line":131,"column":1}}},"fnMap":{},"branchMap":{},"s":{"0":0},"f":{},"b":{}}
,"/Users/mihaiperdum/Projects/CogniRunner/src/integration/prompts/categories/automation.js": {"path":"/Users/mihaiperdum/Projects/CogniRunner/src/integration/prompts/categories/automation.js","statementMap":{"0":{"start":{"line":8,"column":26},"end":{"line":82,"column":1}}},"fnMap":{},"branchMap":{},"s":{"0":0},"f":{},"b":{}}
,"/Users/mihaiperdum/Projects/CogniRunner/src/integration/prompts/categories/custom-fields.js": {"path":"/Users/mihaiperdum/Projects/CogniRunner/src/integration/prompts/categories/custom-fields.js","statementMap":{"0":{"start":{"line":8,"column":28},"end":{"line":134,"column":1}}},"fnMap":{},"branchMap":{},"s":{"0":0},"f":{},"b":{}}
,"/Users/mihaiperdum/Projects/CogniRunner/src/integration/prompts/categories/field-configs.js": {"path":"/Users/mihaiperdum/Projects/CogniRunner/src/integration/prompts/categories/field-configs.js","statementMap":{"0":{"start":{"line":8,"column":28},"end":{"line":109,"column":1}}},"fnMap":{},"branchMap":{},"s":{"0":0},"f":{},"b":{}}
,"/Users/mihaiperdum/Projects/CogniRunner/src/integration/prompts/categories/groups.js": {"path":"/Users/mihaiperdum/Projects/CogniRunner/src/integration/prompts/categories/groups.js","statementMap":{"0":{"start":{"line":8,"column":22},"end":{"line":138,"column":1}}},"fnMap":{},"branchMap":{},"s":{"0":0},"f":{},"b":{}}
,"/Users/mihaiperdum/Projects/CogniRunner/src/integration/prompts/categories/issue-types.js": {"path":"/Users/mihaiperdum/Projects/CogniRunner/src/integration/prompts/categories/issue-types.js","statementMap":{"0":{"start":{"line":8,"column":26},"end":{"line":62,"column":1}}},"fnMap":{},"branchMap":{},"s":{"0":0},"f":{},"b":{}}
,"/Users/mihaiperdum/Projects/CogniRunner/src/integration/prompts/categories/issues.js": {"path":"/Users/mihaiperdum/Projects/CogniRunner/src/integration/prompts/categories/issues.js","statementMap":{"0":{"start":{"line":8,"column":22},"end":{"line":222,"column":1}}},"fnMap":{},"branchMap":{},"s":{"0":0},"f":{},"b":{}}
,"/Users/mihaiperdum/Projects/CogniRunner/src/integration/prompts/categories/notifications.js": {"path":"/Users/mihaiperdum/Projects/CogniRunner/src/integration/prompts/categories/notifications.js","statementMap":{"0":{"start":{"line":8,"column":29},"end":{"line":61,"column":1}}},"fnMap":{},"branchMap":{},"s":{"0":0},"f":{},"b":{}}
,"/Users/mihaiperdum/Projects/CogniRunner/src/integration/prompts/categories/permissions.js": {"path":"/Users/mihaiperdum/Projects/CogniRunner/src/integration/prompts/categories/permissions.js","statementMap":{"0":{"start":{"line":8,"column":27},"end":{"line":83,"column":1}}},"fnMap":{},"branchMap":{},"s":{"0":0},"f":{},"b":{}}
,"/Users/mihaiperdum/Projects/CogniRunner/src/integration/prompts/categories/projects.js": {"path":"/Users/mihaiperdum/Projects/CogniRunner/src/integration/prompts/categories/projects.js","statementMap":{"0":{"start":{"line":8,"column":24},"end":{"line":65,"column":1}}},"fnMap":{},"branchMap":{},"s":{"0":0},"f":{},"b":{}}
,"/Users/mihaiperdum/Projects/CogniRunner/src/integration/prompts/categories/screens.js": {"path":"/Users/mihaiperdum/Projects/CogniRunner/src/integration/prompts/categories/screens.js","statementMap":{"0":{"start":{"line":8,"column":23},"end":{"line":83,"column":1}}},"fnMap":{},"branchMap":{},"s":{"0":0},"f":{},"b":{}}
,"/Users/mihaiperdum/Projects/CogniRunner/src/integration/prompts/categories/security.js": {"path":"/Users/mihaiperdum/Projects/CogniRunner/src/integration/prompts/categories/security.js","statementMap":{"0":{"start":{"line":8,"column":24},"end":{"line":33,"column":1}}},"fnMap":{},"branchMap":{},"s":{"0":0},"f":{},"b":{}}
,"/Users/mihaiperdum/Projects/CogniRunner/src/integration/prompts/categories/statuses-resolutions.js": {"path":"/Users/mihaiperdum/Projects/CogniRunner/src/integration/prompts/categories/statuses-resolutions.js","statementMap":{"0":{"start":{"line":8,"column":35},"end":{"line":61,"column":1}}},"fnMap":{},"branchMap":{},"s":{"0":0},"f":{},"b":{}}
,"/Users/mihaiperdum/Projects/CogniRunner/src/integration/prompts/categories/users.js": {"path":"/Users/mihaiperdum/Projects/CogniRunner/src/integration/prompts/categories/users.js","statementMap":{"0":{"start":{"line":8,"column":21},"end":{"line":68,"column":1}}},"fnMap":{},"branchMap":{},"s":{"0":0},"f":{},"b":{}}
,"/Users/mihaiperdum/Projects/CogniRunner/src/integration/prompts/categories/workflows.js": {"path":"/Users/mihaiperdum/Projects/CogniRunner/src/integration/prompts/categories/workflows.js","statementMap":{"0":{"start":{"line":8,"column":25},"end":{"line":60,"column":1}}},"fnMap":{},"branchMap":{},"s":{"0":0},"f":{},"b":{}}
}
