TN:
SF:src/index.js
FN:89,(anonymous_0)
FN:93,(anonymous_1)
FN:137,(anonymous_2)
FN:140,(anonymous_3)
FN:144,(anonymous_4)
FN:145,(anonymous_5)
FN:148,(anonymous_6)
FN:149,(anonymous_7)
FN:152,(anonymous_8)
FN:161,(anonymous_9)
FN:180,(anonymous_10)
FN:192,(anonymous_11)
FN:231,(anonymous_12)
FN:274,(anonymous_13)
FN:287,(anonymous_14)
FN:346,(anonymous_15)
FN:368,(anonymous_16)
FN:403,(anonymous_17)
FN:419,(anonymous_18)
FN:429,(anonymous_19)
FN:437,(anonymous_20)
FN:447,(anonymous_21)
FN:460,(anonymous_22)
FN:472,(anonymous_23)
FN:479,(anonymous_24)
FN:489,(anonymous_25)
FN:499,(anonymous_26)
FN:519,(anonymous_27)
FN:521,(anonymous_28)
FN:559,(anonymous_29)
FN:563,(anonymous_30)
FN:572,(anonymous_31)
FN:576,(anonymous_32)
FN:580,(anonymous_33)
FN:589,(anonymous_34)
FN:593,(anonymous_35)
FN:597,(anonymous_36)
FN:606,(anonymous_37)
FN:626,(anonymous_38)
FN:628,(anonymous_39)
FN:668,(anonymous_40)
FN:672,(anonymous_41)
FN:681,(anonymous_42)
FN:685,(anonymous_43)
FN:689,(anonymous_44)
FN:698,(anonymous_45)
FN:702,(anonymous_46)
FN:706,(anonymous_47)
FN:715,(anonymous_48)
FN:719,(anonymous_49)
FN:730,(anonymous_50)
FN:770,(anonymous_51)
FN:792,(anonymous_52)
FN:798,(anonymous_53)
FN:805,(anonymous_54)
FN:818,(anonymous_55)
FN:846,(anonymous_56)
FNF:57
FNH:0
FNDA:0,(anonymous_0)
FNDA:0,(anonymous_1)
FNDA:0,(anonymous_2)
FNDA:0,(anonymous_3)
FNDA:0,(anonymous_4)
FNDA:0,(anonymous_5)
FNDA:0,(anonymous_6)
FNDA:0,(anonymous_7)
FNDA:0,(anonymous_8)
FNDA:0,(anonymous_9)
FNDA:0,(anonymous_10)
FNDA:0,(anonymous_11)
FNDA:0,(anonymous_12)
FNDA:0,(anonymous_13)
FNDA:0,(anonymous_14)
FNDA:0,(anonymous_15)
FNDA:0,(anonymous_16)
FNDA:0,(anonymous_17)
FNDA:0,(anonymous_18)
FNDA:0,(anonymous_19)
FNDA:0,(anonymous_20)
FNDA:0,(anonymous_21)
FNDA:0,(anonymous_22)
FNDA:0,(anonymous_23)
FNDA:0,(anonymous_24)
FNDA:0,(anonymous_25)
FNDA:0,(anonymous_26)
FNDA:0,(anonymous_27)
FNDA:0,(anonymous_28)
FNDA:0,(anonymous_29)
FNDA:0,(anonymous_30)
FNDA:0,(anonymous_31)
FNDA:0,(anonymous_32)
FNDA:0,(anonymous_33)
FNDA:0,(anonymous_34)
FNDA:0,(anonymous_35)
FNDA:0,(anonymous_36)
FNDA:0,(anonymous_37)
FNDA:0,(anonymous_38)
FNDA:0,(anonymous_39)
FNDA:0,(anonymous_40)
FNDA:0,(anonymous_41)
FNDA:0,(anonymous_42)
FNDA:0,(anonymous_43)
FNDA:0,(anonymous_44)
FNDA:0,(anonymous_45)
FNDA:0,(anonymous_46)
FNDA:0,(anonymous_47)
FNDA:0,(anonymous_48)
FNDA:0,(anonymous_49)
FNDA:0,(anonymous_50)
FNDA:0,(anonymous_51)
FNDA:0,(anonymous_52)
FNDA:0,(anonymous_53)
FNDA:0,(anonymous_54)
FNDA:0,(anonymous_55)
FNDA:0,(anonymous_56)
DA:64,0
DA:67,0
DA:68,0
DA:69,0
DA:70,0
DA:71,0
DA:72,0
DA:73,0
DA:74,0
DA:75,0
DA:76,0
DA:77,0
DA:78,0
DA:79,0
DA:80,0
DA:81,0
DA:82,0
DA:84,0
DA:85,0
DA:86,0
DA:89,0
DA:90,0
DA:93,0
DA:94,0
DA:96,0
DA:97,0
DA:99,0
DA:100,0
DA:101,0
DA:103,0
DA:104,0
DA:105,0
DA:106,0
DA:107,0
DA:110,0
DA:111,0
DA:115,0
DA:116,0
DA:117,0
DA:118,0
DA:121,0
DA:123,0
DA:124,0
DA:137,0
DA:140,0
DA:141,0
DA:144,0
DA:145,0
DA:148,0
DA:149,0
DA:152,0
DA:153,0
DA:154,0
DA:155,0
DA:157,0
DA:161,0
DA:162,0
DA:163,0
DA:164,0
DA:165,0
DA:166,0
DA:169,0
DA:170,0
DA:172,0
DA:173,0
DA:180,0
DA:181,0
DA:183,0
DA:184,0
DA:185,0
DA:186,0
DA:189,0
DA:190,0
DA:191,0
DA:192,0
DA:193,0
DA:194,0
DA:196,0
DA:199,0
DA:200,0
DA:201,0
DA:203,0
DA:204,0
DA:217,0
DA:218,0
DA:221,0
DA:223,0
DA:224,0
DA:231,0
DA:232,0
DA:234,0
DA:235,0
DA:237,0
DA:238,0
DA:239,0
DA:242,0
DA:252,0
DA:253,0
DA:254,0
DA:257,0
DA:258,0
DA:259,0
DA:262,0
DA:263,0
DA:264,0
DA:267,0
DA:268,0
DA:274,0
DA:275,0
DA:277,0
DA:278,0
DA:280,0
DA:281,0
DA:282,0
DA:285,0
DA:286,0
DA:287,0
DA:288,0
DA:291,0
DA:292,0
DA:293,0
DA:296,0
DA:299,0
DA:300,0
DA:302,0
DA:303,0
DA:305,0
DA:306,0
DA:307,0
DA:308,0
DA:309,0
DA:310,0
DA:313,0
DA:314,0
DA:318,0
DA:320,0
DA:321,0
DA:322,0
DA:326,0
DA:328,0
DA:329,0
DA:330,0
DA:331,0
DA:332,0
DA:333,0
DA:334,0
DA:337,0
DA:340,0
DA:341,0
DA:342,0
DA:346,0
DA:347,0
DA:348,0
DA:351,0
DA:352,0
DA:353,0
DA:354,0
DA:355,0
DA:356,0
DA:357,0
DA:358,0
DA:359,0
DA:360,0
DA:362,0
DA:363,0
DA:367,0
DA:368,0
DA:370,0
DA:373,0
DA:374,0
DA:376,0
DA:381,0
DA:382,0
DA:383,0
DA:388,0
DA:390,0
DA:399,0
DA:400,0
DA:403,0
DA:408,0
DA:410,0
DA:411,0
DA:413,0
DA:419,0
DA:420,0
DA:421,0
DA:422,0
DA:424,0
DA:425,0
DA:429,0
DA:430,0
DA:431,0
DA:432,0
DA:434,0
DA:436,0
DA:437,0
DA:440,0
DA:442,0
DA:443,0
DA:447,0
DA:448,0
DA:449,0
DA:450,0
DA:451,0
DA:453,0
DA:455,0
DA:456,0
DA:460,0
DA:461,0
DA:462,0
DA:463,0
DA:465,0
DA:467,0
DA:468,0
DA:472,0
DA:473,0
DA:474,0
DA:476,0
DA:479,0
DA:480,0
DA:481,0
DA:482,0
DA:484,0
DA:485,0
DA:489,0
DA:490,0
DA:491,0
DA:492,0
DA:494,0
DA:495,0
DA:499,0
DA:500,0
DA:501,0
DA:502,0
DA:503,0
DA:506,0
DA:507,0
DA:509,0
DA:510,0
DA:511,0
DA:512,0
DA:513,0
DA:514,0
DA:515,0
DA:516,0
DA:517,0
DA:519,0
DA:520,0
DA:521,0
DA:522,0
DA:527,0
DA:528,0
DA:540,0
DA:551,0
DA:552,0
DA:554,0
DA:555,0
DA:559,0
DA:560,0
DA:561,0
DA:562,0
DA:563,0
DA:564,0
DA:565,0
DA:567,0
DA:568,0
DA:572,0
DA:573,0
DA:574,0
DA:575,0
DA:576,0
DA:577,0
DA:578,0
DA:580,0
DA:581,0
DA:582,0
DA:584,0
DA:585,0
DA:589,0
DA:590,0
DA:591,0
DA:592,0
DA:593,0
DA:594,0
DA:595,0
DA:597,0
DA:598,0
DA:599,0
DA:601,0
DA:602,0
DA:606,0
DA:607,0
DA:608,0
DA:609,0
DA:610,0
DA:613,0
DA:614,0
DA:616,0
DA:617,0
DA:618,0
DA:619,0
DA:620,0
DA:621,0
DA:622,0
DA:623,0
DA:624,0
DA:626,0
DA:627,0
DA:628,0
DA:629,0
DA:634,0
DA:635,0
DA:647,0
DA:660,0
DA:661,0
DA:663,0
DA:664,0
DA:668,0
DA:669,0
DA:670,0
DA:671,0
DA:672,0
DA:673,0
DA:674,0
DA:676,0
DA:677,0
DA:681,0
DA:682,0
DA:683,0
DA:684,0
DA:685,0
DA:686,0
DA:687,0
DA:689,0
DA:690,0
DA:691,0
DA:693,0
DA:694,0
DA:698,0
DA:699,0
DA:700,0
DA:701,0
DA:702,0
DA:703,0
DA:704,0
DA:706,0
DA:707,0
DA:708,0
DA:710,0
DA:711,0
DA:715,0
DA:716,0
DA:717,0
DA:718,0
DA:719,0
DA:720,0
DA:721,0
DA:723,0
DA:725,0
DA:726,0
DA:730,0
DA:731,0
DA:732,0
DA:733,0
DA:734,0
DA:737,0
DA:738,0
DA:739,0
DA:740,0
DA:742,0
DA:743,0
DA:744,0
DA:746,0
DA:747,0
DA:748,0
DA:751,0
DA:752,0
DA:753,0
DA:754,0
DA:757,0
DA:758,0
DA:759,0
DA:760,0
DA:763,0
DA:764,0
DA:765,0
DA:767,0
DA:770,0
DA:771,0
DA:773,0
DA:774,0
DA:776,0
DA:781,0
DA:782,0
DA:785,0
DA:787,0
DA:788,0
DA:792,0
DA:793,0
DA:794,0
DA:795,0
DA:797,0
DA:798,0
DA:799,0
DA:800,0
DA:804,0
DA:805,0
DA:806,0
DA:807,0
DA:811,0
DA:813,0
DA:814,0
DA:818,0
DA:819,0
DA:820,0
DA:822,0
DA:823,0
DA:824,0
DA:825,0
DA:826,0
DA:830,0
DA:831,0
DA:834,0
DA:836,0
DA:839,0
DA:841,0
DA:842,0
DA:846,0
DA:847,0
DA:848,0
DA:852,0
DA:853,0
DA:860,0
DA:861,0
DA:863,0
DA:865,0
DA:866,0
DA:871,0
LF:438
LH:0
BRDA:89,0,0,0
BRDA:94,1,0,0
BRDA:94,1,1,0
BRDA:94,2,0,0
BRDA:94,2,1,0
BRDA:103,3,0,0
BRDA:103,3,1,0
BRDA:105,4,0,0
BRDA:105,4,1,0
BRDA:107,5,0,0
BRDA:107,5,1,0
BRDA:110,6,0,0
BRDA:110,6,1,0
BRDA:117,7,0,0
BRDA:117,7,1,0
BRDA:123,8,0,0
BRDA:123,8,1,0
BRDA:132,9,0,0
BRDA:132,9,1,0
BRDA:140,10,0,0
BRDA:141,11,0,0
BRDA:141,11,1,0
BRDA:144,12,0,0
BRDA:148,13,0,0
BRDA:152,14,0,0
BRDA:161,15,0,0
BRDA:164,16,0,0
BRDA:164,16,1,0
BRDA:180,17,0,0
BRDA:180,18,0,0
BRDA:184,19,0,0
BRDA:184,19,1,0
BRDA:184,20,0,0
BRDA:184,20,1,0
BRDA:190,21,0,0
BRDA:190,21,1,0
BRDA:190,22,0,0
BRDA:190,22,1,0
BRDA:190,22,2,0
BRDA:191,23,0,0
BRDA:191,23,1,0
BRDA:193,24,0,0
BRDA:193,24,1,0
BRDA:200,25,0,0
BRDA:200,25,1,0
BRDA:201,26,0,0
BRDA:201,26,1,0
BRDA:203,27,0,0
BRDA:203,27,1,0
BRDA:217,28,0,0
BRDA:217,28,1,0
BRDA:237,29,0,0
BRDA:237,29,1,0
BRDA:237,30,0,0
BRDA:237,30,1,0
BRDA:244,31,0,0
BRDA:244,31,1,0
BRDA:252,32,0,0
BRDA:252,32,1,0
BRDA:257,33,0,0
BRDA:257,33,1,0
BRDA:262,34,0,0
BRDA:262,34,1,0
BRDA:280,35,0,0
BRDA:280,35,1,0
BRDA:280,36,0,0
BRDA:280,36,1,0
BRDA:286,37,0,0
BRDA:286,37,1,0
BRDA:288,38,0,0
BRDA:288,38,1,0
BRDA:288,39,0,0
BRDA:288,39,1,0
BRDA:288,39,2,0
BRDA:291,40,0,0
BRDA:291,40,1,0
BRDA:299,41,0,0
BRDA:299,41,1,0
BRDA:299,41,2,0
BRDA:300,42,0,0
BRDA:300,42,1,0
BRDA:300,42,2,0
BRDA:303,43,0,0
BRDA:303,43,1,0
BRDA:303,43,2,0
BRDA:306,44,0,0
BRDA:306,44,1,0
BRDA:308,45,0,0
BRDA:308,45,1,0
BRDA:309,46,0,0
BRDA:309,46,1,0
BRDA:313,47,0,0
BRDA:313,47,1,0
BRDA:314,48,0,0
BRDA:314,48,1,0
BRDA:315,49,0,0
BRDA:315,49,1,0
BRDA:318,50,0,0
BRDA:318,50,1,0
BRDA:320,51,0,0
BRDA:320,51,1,0
BRDA:320,52,0,0
BRDA:320,52,1,0
BRDA:328,53,0,0
BRDA:328,53,1,0
BRDA:328,54,0,0
BRDA:328,54,1,0
BRDA:332,55,0,0
BRDA:332,55,1,0
BRDA:334,56,0,0
BRDA:334,56,1,0
BRDA:340,57,0,0
BRDA:340,57,1,0
BRDA:342,58,0,0
BRDA:342,58,1,0
BRDA:346,59,0,0
BRDA:346,59,1,0
BRDA:354,60,0,0
BRDA:354,60,1,0
BRDA:355,61,0,0
BRDA:355,61,1,0
BRDA:356,62,0,0
BRDA:356,62,1,0
BRDA:357,63,0,0
BRDA:357,63,1,0
BRDA:357,64,0,0
BRDA:357,64,1,0
BRDA:358,65,0,0
BRDA:358,65,1,0
BRDA:376,66,0,0
BRDA:376,66,1,0
BRDA:382,67,0,0
BRDA:382,67,1,0
BRDA:383,68,0,0
BRDA:383,68,1,0
BRDA:391,69,0,0
BRDA:391,69,1,0
BRDA:393,70,0,0
BRDA:393,70,1,0
BRDA:399,71,0,0
BRDA:399,71,1,0
BRDA:410,72,0,0
BRDA:410,72,1,0
BRDA:431,73,0,0
BRDA:431,73,1,0
BRDA:436,74,0,0
BRDA:436,74,1,0
BRDA:436,75,0,0
BRDA:436,75,1,0
BRDA:449,76,0,0
BRDA:449,76,1,0
BRDA:473,77,0,0
BRDA:473,77,1,0
BRDA:481,78,0,0
BRDA:481,78,1,0
BRDA:502,79,0,0
BRDA:502,79,1,0
BRDA:502,80,0,0
BRDA:502,80,1,0
BRDA:506,81,0,0
BRDA:506,81,1,0
BRDA:509,82,0,0
BRDA:509,82,1,0
BRDA:511,83,0,0
BRDA:511,83,1,0
BRDA:512,84,0,0
BRDA:512,84,1,0
BRDA:513,85,0,0
BRDA:513,85,1,0
BRDA:514,86,0,0
BRDA:514,86,1,0
BRDA:515,87,0,0
BRDA:515,87,1,0
BRDA:516,88,0,0
BRDA:516,88,1,0
BRDA:517,89,0,0
BRDA:517,89,1,0
BRDA:520,90,0,0
BRDA:520,90,1,0
BRDA:520,91,0,0
BRDA:520,91,1,0
BRDA:520,91,2,0
BRDA:522,92,0,0
BRDA:522,92,1,0
BRDA:527,93,0,0
BRDA:527,93,1,0
BRDA:531,94,0,0
BRDA:531,94,1,0
BRDA:533,95,0,0
BRDA:533,95,1,0
BRDA:534,96,0,0
BRDA:534,96,1,0
BRDA:542,97,0,0
BRDA:542,97,1,0
BRDA:544,98,0,0
BRDA:544,98,1,0
BRDA:545,99,0,0
BRDA:545,99,1,0
BRDA:562,100,0,0
BRDA:562,100,1,0
BRDA:575,101,0,0
BRDA:575,101,1,0
BRDA:577,102,0,0
BRDA:577,102,1,0
BRDA:580,103,0,0
BRDA:580,103,1,0
BRDA:592,104,0,0
BRDA:592,104,1,0
BRDA:594,105,0,0
BRDA:594,105,1,0
BRDA:597,106,0,0
BRDA:597,106,1,0
BRDA:609,107,0,0
BRDA:609,107,1,0
BRDA:609,108,0,0
BRDA:609,108,1,0
BRDA:613,109,0,0
BRDA:613,109,1,0
BRDA:616,110,0,0
BRDA:616,110,1,0
BRDA:618,111,0,0
BRDA:618,111,1,0
BRDA:619,112,0,0
BRDA:619,112,1,0
BRDA:620,113,0,0
BRDA:620,113,1,0
BRDA:621,114,0,0
BRDA:621,114,1,0
BRDA:622,115,0,0
BRDA:622,115,1,0
BRDA:623,116,0,0
BRDA:623,116,1,0
BRDA:624,117,0,0
BRDA:624,117,1,0
BRDA:627,118,0,0
BRDA:627,118,1,0
BRDA:627,119,0,0
BRDA:627,119,1,0
BRDA:627,119,2,0
BRDA:629,120,0,0
BRDA:629,120,1,0
BRDA:634,121,0,0
BRDA:634,121,1,0
BRDA:638,122,0,0
BRDA:638,122,1,0
BRDA:640,123,0,0
BRDA:640,123,1,0
BRDA:641,124,0,0
BRDA:641,124,1,0
BRDA:642,125,0,0
BRDA:642,125,1,0
BRDA:643,126,0,0
BRDA:643,126,1,0
BRDA:649,127,0,0
BRDA:649,127,1,0
BRDA:651,128,0,0
BRDA:651,128,1,0
BRDA:652,129,0,0
BRDA:652,129,1,0
BRDA:653,130,0,0
BRDA:653,130,1,0
BRDA:654,131,0,0
BRDA:654,131,1,0
BRDA:671,132,0,0
BRDA:671,132,1,0
BRDA:684,133,0,0
BRDA:684,133,1,0
BRDA:686,134,0,0
BRDA:686,134,1,0
BRDA:689,135,0,0
BRDA:689,135,1,0
BRDA:701,136,0,0
BRDA:701,136,1,0
BRDA:703,137,0,0
BRDA:703,137,1,0
BRDA:706,138,0,0
BRDA:706,138,1,0
BRDA:718,139,0,0
BRDA:718,139,1,0
BRDA:720,140,0,0
BRDA:720,140,1,0
BRDA:732,141,0,0
BRDA:732,141,1,0
BRDA:733,142,0,0
BRDA:733,142,1,0
BRDA:743,143,0,0
BRDA:743,143,1,0
BRDA:746,144,0,0
BRDA:746,144,1,0
BRDA:746,145,0,0
BRDA:746,145,1,0
BRDA:752,146,0,0
BRDA:752,146,1,0
BRDA:757,147,0,0
BRDA:757,147,1,0
BRDA:757,148,0,0
BRDA:757,148,1,0
BRDA:764,149,0,0
BRDA:764,149,1,0
BRDA:767,150,0,0
BRDA:767,150,1,0
BRDA:771,151,0,0
BRDA:771,151,1,0
BRDA:773,152,0,0
BRDA:773,152,1,0
BRDA:781,153,0,0
BRDA:781,153,1,0
BRDA:795,154,0,0
BRDA:795,154,1,0
BRDA:797,155,0,0
BRDA:797,155,1,0
BRDA:799,156,0,0
BRDA:799,156,1,0
BRDA:804,157,0,0
BRDA:804,157,1,0
BRDA:804,158,0,0
BRDA:804,158,1,0
BRDA:805,159,0,0
BRDA:805,159,1,0
BRDA:806,160,0,0
BRDA:806,160,1,0
BRDA:823,161,0,0
BRDA:823,161,1,0
BRDA:823,162,0,0
BRDA:823,162,1,0
BRDA:825,163,0,0
BRDA:825,163,1,0
BRDA:825,164,0,0
BRDA:825,164,1,0
BRDA:830,165,0,0
BRDA:830,165,1,0
BRDA:852,166,0,0
BRDA:852,166,1,0
BRF:333
BRH:0
end_of_record
TN:
SF:src/core/config/index.js
FNF:0
FNH:0
LF:0
LH:0
BRF:0
BRH:0
end_of_record
TN:
SF:src/core/config/logger.js
FN:12,(anonymous_0)
FN:37,(anonymous_1)
FN:49,(anonymous_2)
FNF:3
FNH:0
FNDA:0,(anonymous_0)
FNDA:0,(anonymous_1)
FNDA:0,(anonymous_2)
DA:6,0
DA:7,0
DA:12,0
DA:13,0
DA:14,0
DA:17,0
DA:24,0
DA:25,0
DA:28,0
DA:30,0
DA:37,0
DA:38,0
DA:39,0
DA:41,0
DA:42,0
DA:49,0
DA:50,0
DA:51,0
DA:52,0
DA:54,0
DA:55,0
LF:21
LH:0
BRDA:14,0,0,0
BRDA:14,0,1,0
BRDA:24,1,0,0
BRDA:24,1,1,0
BRDA:39,2,0,0
BRDA:39,2,1,0
BRF:6
BRH:0
end_of_record
TN:
SF:src/core/config/registry.js
FN:17,(anonymous_0)
FN:31,(anonymous_1)
FN:65,(anonymous_2)
FN:86,(anonymous_3)
FN:90,(anonymous_4)
FN:140,(anonymous_5)
FN:143,(anonymous_6)
FN:155,(anonymous_7)
FN:158,(anonymous_8)
FN:162,(anonymous_9)
FN:174,(anonymous_10)
FN:177,(anonymous_11)
FN:181,(anonymous_12)
FN:197,(anonymous_13)
FN:216,(anonymous_14)
FN:220,(anonymous_15)
FN:273,(anonymous_16)
FN:276,(anonymous_17)
FN:288,(anonymous_18)
FN:291,(anonymous_19)
FN:295,(anonymous_20)
FN:307,(anonymous_21)
FN:310,(anonymous_22)
FN:314,(anonymous_23)
FN:326,(anonymous_24)
FN:329,(anonymous_25)
FN:343,(anonymous_26)
FN:349,(anonymous_27)
FN:357,(anonymous_28)
FNF:29
FNH:0
FNDA:0,(anonymous_0)
FNDA:0,(anonymous_1)
FNDA:0,(anonymous_2)
FNDA:0,(anonymous_3)
FNDA:0,(anonymous_4)
FNDA:0,(anonymous_5)
FNDA:0,(anonymous_6)
FNDA:0,(anonymous_7)
FNDA:0,(anonymous_8)
FNDA:0,(anonymous_9)
FNDA:0,(anonymous_10)
FNDA:0,(anonymous_11)
FNDA:0,(anonymous_12)
FNDA:0,(anonymous_13)
FNDA:0,(anonymous_14)
FNDA:0,(anonymous_15)
FNDA:0,(anonymous_16)
FNDA:0,(anonymous_17)
FNDA:0,(anonymous_18)
FNDA:0,(anonymous_19)
FNDA:0,(anonymous_20)
FNDA:0,(anonymous_21)
FNDA:0,(anonymous_22)
FNDA:0,(anonymous_23)
FNDA:0,(anonymous_24)
FNDA:0,(anonymous_25)
FNDA:0,(anonymous_26)
FNDA:0,(anonymous_27)
FNDA:0,(anonymous_28)
DA:12,0
DA:17,0
DA:18,0
DA:19,0
DA:21,0
DA:22,0
DA:31,0
DA:32,0
DA:34,0
DA:35,0
DA:37,0
DA:38,0
DA:39,0
DA:42,0
DA:43,0
DA:45,0
DA:46,0
DA:47,0
DA:49,0
DA:54,0
DA:65,0
DA:66,0
DA:67,0
DA:68,0
DA:71,0
DA:72,0
DA:75,0
DA:76,0
DA:77,0
DA:78,0
DA:79,0
DA:80,0
DA:81,0
DA:82,0
DA:83,0
DA:86,0
DA:89,0
DA:90,0
DA:91,0
DA:98,0
DA:100,0
DA:102,0
DA:104,0
DA:116,0
DA:118,0
DA:129,0
DA:130,0
DA:132,0
DA:133,0
DA:140,0
DA:141,0
DA:142,0
DA:143,0
DA:144,0
DA:145,0
DA:147,0
DA:148,0
DA:155,0
DA:156,0
DA:157,0
DA:158,0
DA:159,0
DA:160,0
DA:162,0
DA:163,0
DA:164,0
DA:166,0
DA:167,0
DA:174,0
DA:175,0
DA:176,0
DA:177,0
DA:178,0
DA:179,0
DA:181,0
DA:182,0
DA:183,0
DA:185,0
DA:186,0
DA:197,0
DA:198,0
DA:199,0
DA:200,0
DA:203,0
DA:204,0
DA:206,0
DA:207,0
DA:208,0
DA:209,0
DA:210,0
DA:211,0
DA:212,0
DA:213,0
DA:214,0
DA:216,0
DA:219,0
DA:220,0
DA:221,0
DA:227,0
DA:229,0
DA:231,0
DA:233,0
DA:247,0
DA:249,0
DA:262,0
DA:263,0
DA:265,0
DA:266,0
DA:273,0
DA:274,0
DA:275,0
DA:276,0
DA:277,0
DA:278,0
DA:280,0
DA:281,0
DA:288,0
DA:289,0
DA:290,0
DA:291,0
DA:292,0
DA:293,0
DA:295,0
DA:296,0
DA:297,0
DA:299,0
DA:300,0
DA:307,0
DA:308,0
DA:309,0
DA:310,0
DA:311,0
DA:312,0
DA:314,0
DA:315,0
DA:316,0
DA:318,0
DA:319,0
DA:326,0
DA:327,0
DA:328,0
DA:329,0
DA:330,0
DA:331,0
DA:333,0
DA:335,0
DA:336,0
DA:343,0
DA:344,0
DA:345,0
DA:348,0
DA:349,0
DA:350,0
DA:351,0
DA:356,0
DA:357,0
DA:358,0
DA:359,0
DA:363,0
DA:365,0
DA:366,0
LF:161
LH:0
BRDA:19,0,0,0
BRDA:19,0,1,0
BRDA:35,1,0,0
BRDA:35,1,1,0
BRDA:38,2,0,0
BRDA:38,2,1,0
BRDA:42,3,0,0
BRDA:42,3,1,0
BRDA:43,4,0,0
BRDA:43,4,1,0
BRDA:45,5,0,0
BRDA:45,5,1,0
BRDA:67,6,0,0
BRDA:67,6,1,0
BRDA:67,7,0,0
BRDA:67,7,1,0
BRDA:75,8,0,0
BRDA:75,8,1,0
BRDA:77,9,0,0
BRDA:77,9,1,0
BRDA:78,10,0,0
BRDA:78,10,1,0
BRDA:79,11,0,0
BRDA:79,11,1,0
BRDA:80,12,0,0
BRDA:80,12,1,0
BRDA:81,13,0,0
BRDA:81,13,1,0
BRDA:82,14,0,0
BRDA:82,14,1,0
BRDA:83,15,0,0
BRDA:83,15,1,0
BRDA:89,16,0,0
BRDA:89,16,1,0
BRDA:89,17,0,0
BRDA:89,17,1,0
BRDA:89,17,2,0
BRDA:91,18,0,0
BRDA:91,18,1,0
BRDA:91,18,2,0
BRDA:91,18,3,0
BRDA:91,18,4,0
BRDA:98,19,0,0
BRDA:98,19,1,0
BRDA:100,20,0,0
BRDA:100,20,1,0
BRDA:107,21,0,0
BRDA:107,21,1,0
BRDA:109,22,0,0
BRDA:109,22,1,0
BRDA:110,23,0,0
BRDA:110,23,1,0
BRDA:116,24,0,0
BRDA:116,24,1,0
BRDA:120,25,0,0
BRDA:120,25,1,0
BRDA:122,26,0,0
BRDA:122,26,1,0
BRDA:123,27,0,0
BRDA:123,27,1,0
BRDA:159,28,0,0
BRDA:159,28,1,0
BRDA:162,29,0,0
BRDA:162,29,1,0
BRDA:178,30,0,0
BRDA:178,30,1,0
BRDA:181,31,0,0
BRDA:181,31,1,0
BRDA:199,32,0,0
BRDA:199,32,1,0
BRDA:199,33,0,0
BRDA:199,33,1,0
BRDA:206,34,0,0
BRDA:206,34,1,0
BRDA:208,35,0,0
BRDA:208,35,1,0
BRDA:209,36,0,0
BRDA:209,36,1,0
BRDA:210,37,0,0
BRDA:210,37,1,0
BRDA:211,38,0,0
BRDA:211,38,1,0
BRDA:212,39,0,0
BRDA:212,39,1,0
BRDA:213,40,0,0
BRDA:213,40,1,0
BRDA:214,41,0,0
BRDA:214,41,1,0
BRDA:219,42,0,0
BRDA:219,42,1,0
BRDA:219,43,0,0
BRDA:219,43,1,0
BRDA:219,43,2,0
BRDA:221,44,0,0
BRDA:221,44,1,0
BRDA:221,44,2,0
BRDA:221,44,3,0
BRDA:221,44,4,0
BRDA:227,45,0,0
BRDA:227,45,1,0
BRDA:229,46,0,0
BRDA:229,46,1,0
BRDA:236,47,0,0
BRDA:236,47,1,0
BRDA:238,48,0,0
BRDA:238,48,1,0
BRDA:239,49,0,0
BRDA:239,49,1,0
BRDA:240,50,0,0
BRDA:240,50,1,0
BRDA:241,51,0,0
BRDA:241,51,1,0
BRDA:247,52,0,0
BRDA:247,52,1,0
BRDA:251,53,0,0
BRDA:251,53,1,0
BRDA:253,54,0,0
BRDA:253,54,1,0
BRDA:254,55,0,0
BRDA:254,55,1,0
BRDA:255,56,0,0
BRDA:255,56,1,0
BRDA:256,57,0,0
BRDA:256,57,1,0
BRDA:292,58,0,0
BRDA:292,58,1,0
BRDA:295,59,0,0
BRDA:295,59,1,0
BRDA:311,60,0,0
BRDA:311,60,1,0
BRDA:314,61,0,0
BRDA:314,61,1,0
BRDA:330,62,0,0
BRDA:330,62,1,0
BRDA:348,63,0,0
BRDA:348,63,1,0
BRDA:350,64,0,0
BRDA:350,64,1,0
BRDA:356,65,0,0
BRDA:356,65,1,0
BRDA:356,66,0,0
BRDA:356,66,1,0
BRDA:357,67,0,0
BRDA:357,67,1,0
BRDA:358,68,0,0
BRDA:358,68,1,0
BRF:146
BRH:0
end_of_record
TN:
SF:src/core/post-function/index.js
FNF:0
FNH:0
LF:0
LH:0
BRF:0
BRH:0
end_of_record
TN:
SF:src/core/post-function/semantic.js
FN:24,(anonymous_0)
FN:158,(anonymous_1)
FNF:2
FNH:0
FNDA:0,(anonymous_0)
FNDA:0,(anonymous_1)
DA:9,0
DA:24,0
DA:33,0
DA:35,0
DA:36,0
DA:39,0
DA:45,0
DA:48,0
DA:49,0
DA:52,0
DA:78,0
DA:90,0
DA:91,0
DA:92,0
DA:97,0
DA:98,0
DA:99,0
DA:100,0
DA:101,0
DA:103,0
DA:105,0
DA:108,0
DA:110,0
DA:111,0
DA:112,0
DA:115,0
DA:116,0
DA:117,0
DA:121,0
DA:123,0
DA:124,0
DA:125,0
DA:128,0
DA:137,0
DA:138,0
DA:139,0
DA:142,0
DA:143,0
DA:146,0
DA:149,0
DA:151,0
DA:158,0
DA:163,0
DA:165,0
DA:168,0
DA:169,0
DA:170,0
DA:171,0
DA:172,0
DA:174,0
DA:175,0
DA:179,0
DA:180,0
DA:181,0
DA:184,0
DA:185,0
DA:188,0
DA:189,0
DA:190,0
DA:192,0
DA:193,0
DA:194,0
DA:196,0
DA:200,0
DA:201,0
DA:206,0
LF:66
LH:0
BRDA:26,0,0,0
BRDA:29,1,0,0
BRDA:30,2,0,0
BRDA:31,3,0,0
BRDA:32,4,0,0
BRDA:58,5,0,0
BRDA:58,5,1,0
BRDA:82,6,0,0
BRDA:82,6,1,0
BRDA:83,7,0,0
BRDA:83,7,1,0
BRDA:90,8,0,0
BRDA:90,8,1,0
BRDA:90,9,0,0
BRDA:90,9,1,0
BRDA:110,10,0,0
BRDA:110,10,1,0
BRDA:115,11,0,0
BRDA:115,11,1,0
BRDA:116,12,0,0
BRDA:116,12,1,0
BRDA:123,13,0,0
BRDA:123,13,1,0
BRDA:137,14,0,0
BRDA:137,14,1,0
BRDA:158,15,0,0
BRDA:160,16,0,0
BRDA:161,17,0,0
BRDA:162,18,0,0
BRDA:168,19,0,0
BRDA:168,19,1,0
BRDA:168,20,0,0
BRDA:168,20,1,0
BRDA:170,21,0,0
BRDA:170,21,1,0
BRDA:179,22,0,0
BRDA:179,22,1,0
BRDA:188,23,0,0
BRDA:188,23,1,0
BRDA:188,24,0,0
BRDA:188,24,1,0
BRDA:188,24,2,0
BRDA:190,25,0,0
BRDA:190,25,1,0
BRDA:190,26,0,0
BRDA:190,26,1,0
BRDA:193,27,0,0
BRDA:193,27,1,0
BRDA:193,28,0,0
BRDA:193,28,1,0
BRDA:193,28,2,0
BRF:51
BRH:0
end_of_record
TN:
SF:src/core/post-function/static.js
FN:10,(anonymous_0)
FN:21,(anonymous_1)
FN:36,(anonymous_2)
FN:43,(anonymous_3)
FN:51,(anonymous_4)
FN:68,(anonymous_5)
FN:76,(anonymous_6)
FN:79,(anonymous_7)
FN:96,(anonymous_8)
FNF:9
FNH:0
FNDA:0,(anonymous_0)
FNDA:0,(anonymous_1)
FNDA:0,(anonymous_2)
FNDA:0,(anonymous_3)
FNDA:0,(anonymous_4)
FNDA:0,(anonymous_5)
FNDA:0,(anonymous_6)
FNDA:0,(anonymous_7)
FNDA:0,(anonymous_8)
DA:10,0
DA:11,0
DA:13,0
DA:16,0
DA:17,0
DA:19,0
DA:20,0
DA:21,0
DA:22,0
DA:26,0
DA:27,0
DA:30,0
DA:36,0
DA:37,0
DA:38,0
DA:39,0
DA:40,0
DA:42,0
DA:44,0
DA:45,0
DA:46,0
DA:47,0
DA:48,0
DA:49,0
DA:52,0
DA:53,0
DA:54,0
DA:55,0
DA:57,0
DA:58,0
DA:62,0
DA:63,0
DA:64,0
DA:65,0
DA:66,0
DA:69,0
DA:70,0
DA:74,0
DA:75,0
DA:76,0
DA:77,0
DA:80,0
DA:81,0
DA:82,0
DA:83,0
DA:85,0
DA:86,0
DA:90,0
DA:91,0
DA:92,0
DA:93,0
DA:94,0
DA:96,0
DA:100,0
DA:101,0
DA:102,0
DA:104,0
DA:107,0
LF:58
LH:0
BRDA:11,0,0,0
BRDA:11,0,1,0
BRDA:16,1,0,0
BRDA:16,1,1,0
BRDA:19,2,0,0
BRDA:19,2,1,0
BRDA:19,3,0,0
BRDA:19,3,1,0
BRDA:26,4,0,0
BRDA:26,4,1,0
BRDA:36,5,0,0
BRDA:37,6,0,0
BRDA:37,6,1,0
BRDA:46,7,0,0
BRDA:46,7,1,0
BRDA:52,8,0,0
BRDA:52,8,1,0
BRDA:52,9,0,0
BRDA:52,9,1,0
BRDA:62,10,0,0
BRDA:62,10,1,0
BRDA:74,11,0,0
BRDA:74,11,1,0
BRDA:76,12,0,0
BRDA:76,12,1,0
BRDA:80,13,0,0
BRDA:80,13,1,0
BRDA:80,14,0,0
BRDA:80,14,1,0
BRDA:90,15,0,0
BRDA:90,15,1,0
BRDA:107,16,0,0
BRDA:107,16,1,0
BRF:33
BRH:0
end_of_record
TN:
SF:src/core/validator/attachments.js
FN:51,(anonymous_0)
FN:106,(anonymous_1)
FN:140,(anonymous_2)
FN:156,(anonymous_3)
FN:178,(anonymous_4)
FN:183,(anonymous_5)
FN:183,(anonymous_6)
FN:184,(anonymous_7)
FN:189,(anonymous_8)
FN:194,(anonymous_9)
FNF:10
FNH:0
FNDA:0,(anonymous_0)
FNDA:0,(anonymous_1)
FNDA:0,(anonymous_2)
FNDA:0,(anonymous_3)
FNDA:0,(anonymous_4)
FNDA:0,(anonymous_5)
FNDA:0,(anonymous_6)
FNDA:0,(anonymous_7)
FNDA:0,(anonymous_8)
FNDA:0,(anonymous_9)
DA:8,0
DA:11,0
DA:12,0
DA:17,0
DA:40,0
DA:51,0
DA:55,0
DA:57,0
DA:58,0
DA:59,0
DA:60,0
DA:64,0
DA:65,0
DA:66,0
DA:69,0
DA:72,0
DA:73,0
DA:74,0
DA:77,0
DA:79,0
DA:83,0
DA:84,0
DA:85,0
DA:88,0
DA:89,0
DA:91,0
DA:97,0
DA:98,0
DA:106,0
DA:107,0
DA:109,0
DA:110,0
DA:112,0
DA:114,0
DA:121,0
DA:123,0
DA:133,0
DA:140,0
DA:144,0
DA:146,0
DA:147,0
DA:156,0
DA:157,0
DA:160,0
DA:162,0
DA:163,0
DA:164,0
DA:165,0
DA:166,0
DA:167,0
DA:168,0
DA:169,0
DA:170,0
DA:171,0
DA:173,0
DA:174,0
DA:178,0
DA:179,0
DA:180,0
DA:183,0
DA:184,0
DA:186,0
DA:187,0
DA:188,0
DA:189,0
DA:192,0
DA:193,0
DA:194,0
DA:197,0
LF:69
LH:0
BRDA:51,0,0,0
BRDA:53,1,0,0
BRDA:54,2,0,0
BRDA:58,3,0,0
BRDA:58,3,1,0
BRDA:64,4,0,0
BRDA:64,4,1,0
BRDA:64,5,0,0
BRDA:64,5,1,0
BRDA:69,6,0,0
BRDA:69,6,1,0
BRDA:72,7,0,0
BRDA:72,7,1,0
BRDA:72,8,0,0
BRDA:72,8,1,0
BRDA:83,9,0,0
BRDA:83,9,1,0
BRDA:94,10,0,0
BRDA:94,10,1,0
BRDA:110,11,0,0
BRDA:110,11,1,0
BRDA:112,12,0,0
BRDA:112,12,1,0
BRDA:121,13,0,0
BRDA:121,13,1,0
BRDA:140,14,0,0
BRDA:142,15,0,0
BRDA:143,16,0,0
BRDA:146,17,0,0
BRDA:146,17,1,0
BRDA:146,18,0,0
BRDA:146,18,1,0
BRDA:157,19,0,0
BRDA:157,19,1,0
BRDA:165,20,0,0
BRDA:165,20,1,0
BRDA:166,21,0,0
BRDA:166,21,1,0
BRDA:167,22,0,0
BRDA:167,22,1,0
BRDA:168,23,0,0
BRDA:168,23,1,0
BRDA:168,24,0,0
BRDA:168,24,1,0
BRDA:169,25,0,0
BRDA:169,25,1,0
BRDA:187,26,0,0
BRDA:187,26,1,0
BRDA:189,27,0,0
BRDA:189,27,1,0
BRDA:192,28,0,0
BRDA:192,28,1,0
BRDA:192,29,0,0
BRDA:192,29,1,0
BRDA:194,30,0,0
BRDA:194,30,1,0
BRF:56
BRH:0
end_of_record
TN:
SF:src/core/validator/index.js
FNF:0
FNH:0
LF:0
LH:0
BRF:0
BRH:0
end_of_record
TN:
SF:src/integration/jira-api/fields.js
FN:23,(anonymous_0)
FN:122,(anonymous_1)
FN:123,(anonymous_2)
FN:134,(anonymous_3)
FN:154,(anonymous_4)
FNF:5
FNH:0
FNDA:0,(anonymous_0)
FNDA:0,(anonymous_1)
FNDA:0,(anonymous_2)
FNDA:0,(anonymous_3)
FNDA:0,(anonymous_4)
DA:8,0
DA:23,0
DA:24,0
DA:26,0
DA:28,0
DA:29,0
DA:30,0
DA:64,0
DA:66,0
DA:70,0
DA:71,0
DA:102,0
DA:103,0
DA:104,0
DA:106,0
DA:110,0
DA:122,0
DA:123,0
DA:124,0
DA:125,0
DA:127,0
DA:134,0
DA:135,0
DA:136,0
DA:140,0
DA:141,0
DA:142,0
DA:143,0
DA:150,0
DA:151,0
DA:153,0
DA:154,0
DA:157,0
DA:159,0
DA:160,0
LF:35
LH:0
BRDA:26,0,0,0
BRDA:26,0,1,0
BRDA:28,1,0,0
BRDA:28,1,1,0
BRDA:64,2,0,0
BRDA:64,2,1,0
BRDA:70,3,0,0
BRDA:70,3,1,0
BRDA:102,4,0,0
BRDA:102,4,1,0
BRDA:103,5,0,0
BRDA:103,5,1,0
BRDA:124,6,0,0
BRDA:124,6,1,0
BRDA:125,7,0,0
BRDA:125,7,1,0
BRDA:140,8,0,0
BRDA:140,8,1,0
BRDA:153,9,0,0
BRDA:153,9,1,0
BRF:20
BRH:0
end_of_record
TN:
SF:src/integration/jira-api/index.js
FNF:0
FNH:0
LF:0
LH:0
BRF:0
BRH:0
end_of_record
TN:
SF:src/integration/jira-api/screens.js
FN:13,(anonymous_0)
FN:30,(anonymous_1)
FN:39,(anonymous_2)
FN:62,(anonymous_3)
FN:80,(anonymous_4)
FN:87,(anonymous_5)
FNF:6
FNH:0
FNDA:0,(anonymous_0)
FNDA:0,(anonymous_1)
FNDA:0,(anonymous_2)
FNDA:0,(anonymous_3)
FNDA:0,(anonymous_4)
FNDA:0,(anonymous_5)
DA:8,0
DA:13,0
DA:17,0
DA:18,0
DA:23,0
DA:24,0
DA:25,0
DA:28,0
DA:29,0
DA:30,0
DA:31,0
DA:33,0
DA:39,0
DA:43,0
DA:45,0
DA:50,0
DA:51,0
DA:52,0
DA:55,0
DA:56,0
DA:62,0
DA:66,0
DA:68,0
DA:73,0
DA:74,0
DA:75,0
DA:78,0
DA:79,0
DA:80,0
DA:87,0
DA:91,0
DA:94,0
DA:99,0
DA:100,0
DA:101,0
DA:104,0
DA:105,0
DA:108,0
DA:109,0
DA:114,0
DA:115,0
DA:116,0
DA:119,0
DA:120,0
DA:123,0
LF:45
LH:0
BRDA:13,0,0,0
BRDA:15,1,0,0
BRDA:16,2,0,0
BRDA:23,3,0,0
BRDA:23,3,1,0
BRDA:29,4,0,0
BRDA:29,4,1,0
BRDA:31,5,0,0
BRDA:31,5,1,0
BRDA:33,6,0,0
BRDA:33,6,1,0
BRDA:39,7,0,0
BRDA:41,8,0,0
BRDA:42,9,0,0
BRDA:50,10,0,0
BRDA:50,10,1,0
BRDA:56,11,0,0
BRDA:56,11,1,0
BRDA:62,12,0,0
BRDA:64,13,0,0
BRDA:65,14,0,0
BRDA:73,15,0,0
BRDA:73,15,1,0
BRDA:79,16,0,0
BRDA:79,16,1,0
BRDA:80,17,0,0
BRDA:80,17,1,0
BRDA:87,18,0,0
BRDA:89,19,0,0
BRDA:90,20,0,0
BRDA:99,21,0,0
BRDA:99,21,1,0
BRDA:114,22,0,0
BRDA:114,22,1,0
BRF:34
BRH:0
end_of_record
TN:
SF:src/integration/jira-api/workflows.js
FN:14,(anonymous_0)
FN:56,(anonymous_1)
FNF:2
FNH:0
FNDA:0,(anonymous_0)
FNDA:0,(anonymous_1)
DA:8,0
DA:14,0
DA:18,0
DA:19,0
DA:20,0
DA:21,0
DA:23,0
DA:24,0
DA:28,0
DA:32,0
DA:33,0
DA:34,0
DA:35,0
DA:38,0
DA:39,0
DA:40,0
DA:41,0
DA:44,0
DA:47,0
DA:48,0
DA:56,0
DA:60,0
DA:62,0
DA:64,0
DA:66,0
DA:70,0
DA:71,0
DA:72,0
DA:73,0
DA:76,0
DA:78,0
DA:79,0
DA:80,0
DA:82,0
DA:83,0
DA:84,0
DA:85,0
DA:86,0
DA:87,0
DA:88,0
DA:91,0
DA:99,0
DA:100,0
LF:43
LH:0
BRDA:14,0,0,0
BRDA:16,1,0,0
BRDA:17,2,0,0
BRDA:24,3,0,0
BRDA:24,3,1,0
BRDA:32,4,0,0
BRDA:32,4,1,0
BRDA:39,5,0,0
BRDA:39,5,1,0
BRDA:41,6,0,0
BRDA:41,6,1,0
BRDA:44,7,0,0
BRDA:44,7,1,0
BRDA:56,8,0,0
BRDA:58,9,0,0
BRDA:59,10,0,0
BRDA:70,11,0,0
BRDA:70,11,1,0
BRDA:79,12,0,0
BRDA:79,12,1,0
BRDA:82,13,0,0
BRDA:82,13,1,0
BRDA:83,14,0,0
BRDA:83,14,1,0
BRDA:85,15,0,0
BRDA:85,15,1,0
BRDA:86,16,0,0
BRDA:86,16,1,0
BRDA:87,17,0,0
BRDA:87,17,1,0
BRDA:88,18,0,0
BRDA:88,18,1,0
BRDA:90,19,0,0
BRDA:90,19,1,0
BRF:34
BRH:0
end_of_record
TN:
SF:src/integration/prompts/helpers.js
FN:8,(anonymous_0)
FN:34,(anonymous_1)
FN:44,(anonymous_2)
FN:75,(anonymous_3)
FN:81,(anonymous_4)
FNF:5
FNH:0
FNDA:0,(anonymous_0)
FNDA:0,(anonymous_1)
FNDA:0,(anonymous_2)
FNDA:0,(anonymous_3)
FNDA:0,(anonymous_4)
DA:8,0
DA:9,0
DA:11,0
DA:12,0
DA:15,0
DA:18,0
DA:19,0
DA:20,0
DA:23,0
DA:24,0
DA:25,0
DA:28,0
DA:34,0
DA:35,0
DA:37,0
DA:38,0
DA:40,0
DA:42,0
DA:44,0
DA:48,0
DA:50,0
DA:51,0
DA:52,0
DA:53,0
DA:58,0
DA:59,0
DA:62,0
DA:63,0
DA:75,0
DA:81,0
DA:82,0
DA:84,0
DA:87,0
DA:88,0
DA:89,0
DA:90,0
DA:94,0
DA:95,0
DA:96,0
DA:97,0
DA:98,0
DA:99,0
DA:104,0
DA:105,0
DA:106,0
DA:107,0
DA:108,0
DA:113,0
DA:114,0
DA:115,0
DA:116,0
DA:117,0
DA:122,0
DA:123,0
DA:124,0
DA:125,0
DA:126,0
DA:127,0
DA:132,0
DA:139,0
DA:140,0
DA:141,0
DA:142,0
DA:147,0
DA:148,0
DA:156,0
LF:66
LH:0
BRDA:9,0,0,0
BRDA:9,0,1,0
BRDA:9,1,0,0
BRDA:9,1,1,0
BRDA:15,2,0,0
BRDA:15,2,1,0
BRDA:25,3,0,0
BRDA:25,3,1,0
BRDA:34,4,0,0
BRDA:35,5,0,0
BRDA:35,5,1,0
BRDA:35,6,0,0
BRDA:35,6,1,0
BRDA:44,7,0,0
BRDA:44,7,1,0
BRDA:51,8,0,0
BRDA:51,8,1,0
BRDA:58,9,0,0
BRDA:58,9,1,0
BRDA:62,10,0,0
BRDA:62,10,1,0
BRDA:69,11,0,0
BRDA:69,11,1,0
BRDA:82,12,0,0
BRDA:82,12,1,0
BRDA:82,13,0,0
BRDA:82,13,1,0
BRDA:89,14,0,0
BRDA:89,14,1,0
BRDA:94,15,0,0
BRDA:94,15,1,0
BRDA:96,16,0,0
BRDA:96,16,1,0
BRDA:98,17,0,0
BRDA:98,17,1,0
BRDA:106,18,0,0
BRDA:106,18,1,0
BRDA:115,19,0,0
BRDA:115,19,1,0
BRDA:122,20,0,0
BRDA:122,20,1,0
BRDA:124,21,0,0
BRDA:124,21,1,0
BRDA:126,22,0,0
BRDA:126,22,1,0
BRDA:126,23,0,0
BRDA:126,23,1,0
BRDA:140,24,0,0
BRDA:140,24,1,0
BRDA:147,25,0,0
BRDA:147,25,1,0
BRF:51
BRH:0
end_of_record
TN:
SF:src/integration/prompts/index.js
FN:73,(anonymous_0)
FN:117,(anonymous_1)
FN:120,(anonymous_2)
FN:124,(anonymous_3)
FN:125,(anonymous_4)
FN:128,(anonymous_5)
FN:129,(anonymous_6)
FN:132,(anonymous_7)
FN:141,(anonymous_8)
FNF:9
FNH:0
FNDA:0,(anonymous_0)
FNDA:0,(anonymous_1)
FNDA:0,(anonymous_2)
FNDA:0,(anonymous_3)
FNDA:0,(anonymous_4)
FNDA:0,(anonymous_5)
FNDA:0,(anonymous_6)
FNDA:0,(anonymous_7)
FNDA:0,(anonymous_8)
DA:30,0
DA:74,0
DA:76,0
DA:77,0
DA:79,0
DA:80,0
DA:81,0
DA:83,0
DA:84,0
DA:85,0
DA:86,0
DA:87,0
DA:90,0
DA:91,0
DA:95,0
DA:96,0
DA:97,0
DA:98,0
DA:101,0
DA:103,0
DA:104,0
DA:117,0
DA:121,0
DA:125,0
DA:129,0
DA:133,0
DA:134,0
DA:135,0
DA:137,0
DA:142,0
DA:143,0
DA:144,0
DA:145,0
DA:146,0
DA:149,0
DA:150,0
DA:152,0
DA:153,0
LF:38
LH:0
BRDA:73,0,0,0
BRDA:74,1,0,0
BRDA:74,1,1,0
BRDA:74,2,0,0
BRDA:74,2,1,0
BRDA:83,3,0,0
BRDA:83,3,1,0
BRDA:85,4,0,0
BRDA:85,4,1,0
BRDA:87,5,0,0
BRDA:87,5,1,0
BRDA:90,6,0,0
BRDA:90,6,1,0
BRDA:97,7,0,0
BRDA:97,7,1,0
BRDA:103,8,0,0
BRDA:103,8,1,0
BRDA:112,9,0,0
BRDA:112,9,1,0
BRDA:120,10,0,0
BRDA:121,11,0,0
BRDA:121,11,1,0
BRDA:124,12,0,0
BRDA:128,13,0,0
BRDA:132,14,0,0
BRDA:141,15,0,0
BRDA:144,16,0,0
BRDA:144,16,1,0
BRF:28
BRH:0
end_of_record
TN:
SF:src/integration/prompts/categories/attachments-versions.js
FNF:0
FNH:0
DA:8,0
LF:1
LH:0
BRF:0
BRH:0
end_of_record
TN:
SF:src/integration/prompts/categories/automation.js
FNF:0
FNH:0
DA:8,0
LF:1
LH:0
BRF:0
BRH:0
end_of_record
TN:
SF:src/integration/prompts/categories/custom-fields.js
FNF:0
FNH:0
DA:8,0
LF:1
LH:0
BRF:0
BRH:0
end_of_record
TN:
SF:src/integration/prompts/categories/field-configs.js
FNF:0
FNH:0
DA:8,0
LF:1
LH:0
BRF:0
BRH:0
end_of_record
TN:
SF:src/integration/prompts/categories/groups.js
FNF:0
FNH:0
DA:8,0
LF:1
LH:0
BRF:0
BRH:0
end_of_record
TN:
SF:src/integration/prompts/categories/issue-types.js
FNF:0
FNH:0
DA:8,0
LF:1
LH:0
BRF:0
BRH:0
end_of_record
TN:
SF:src/integration/prompts/categories/issues.js
FNF:0
FNH:0
DA:8,0
LF:1
LH:0
BRF:0
BRH:0
end_of_record
TN:
SF:src/integration/prompts/categories/notifications.js
FNF:0
FNH:0
DA:8,0
LF:1
LH:0
BRF:0
BRH:0
end_of_record
TN:
SF:src/integration/prompts/categories/permissions.js
FNF:0
FNH:0
DA:8,0
LF:1
LH:0
BRF:0
BRH:0
end_of_record
TN:
SF:src/integration/prompts/categories/projects.js
FNF:0
FNH:0
DA:8,0
LF:1
LH:0
BRF:0
BRH:0
end_of_record
TN:
SF:src/integration/prompts/categories/screens.js
FNF:0
FNH:0
DA:8,0
LF:1
LH:0
BRF:0
BRH:0
end_of_record
TN:
SF:src/integration/prompts/categories/security.js
FNF:0
FNH:0
DA:8,0
LF:1
LH:0
BRF:0
BRH:0
end_of_record
TN:
SF:src/integration/prompts/categories/statuses-resolutions.js
FNF:0
FNH:0
DA:8,0
LF:1
LH:0
BRF:0
BRH:0
end_of_record
TN:
SF:src/integration/prompts/categories/users.js
FNF:0
FNH:0
DA:8,0
LF:1
LH:0
BRF:0
BRH:0
end_of_record
TN:
SF:src/integration/prompts/categories/workflows.js
FNF:0
FNH:0
DA:8,0
LF:1
LH:0
BRF:0
BRH:0
end_of_record
